WARNING:tensorflow:From /home/grupo01/tensorflow/models/research/deeplab/core/conv2d_ws.py:40: The name tf.layers.Layer is deprecated. Please use tf.compat.v1.layers.Layer instead.

WARNING:tensorflow:
The TensorFlow contrib module will not be included in TensorFlow 2.0.
For more information, please see:
  * https://github.com/tensorflow/community/blob/master/rfcs/20180907-contrib-sunset.md
  * https://github.com/tensorflow/addons
  * https://github.com/tensorflow/io (for I/O related ops)
If you depend on functionality not listed there, please file an issue.

WARNING:tensorflow:From train.py:462: The name tf.app.run is deprecated. Please use tf.compat.v1.app.run instead.

WARNING:tensorflow:From train.py:272: The name tf.logging.set_verbosity is deprecated. Please use tf.compat.v1.logging.set_verbosity instead.

W0413 13:49:25.801107 140104905828096 module_wrapper.py:139] From train.py:272: The name tf.logging.set_verbosity is deprecated. Please use tf.compat.v1.logging.set_verbosity instead.

WARNING:tensorflow:From train.py:272: The name tf.logging.INFO is deprecated. Please use tf.compat.v1.logging.INFO instead.

W0413 13:49:25.801290 140104905828096 module_wrapper.py:139] From train.py:272: The name tf.logging.INFO is deprecated. Please use tf.compat.v1.logging.INFO instead.

WARNING:tensorflow:From train.py:287: The name tf.gfile.MakeDirs is deprecated. Please use tf.io.gfile.makedirs instead.

W0413 13:49:25.801484 140104905828096 module_wrapper.py:139] From train.py:287: The name tf.gfile.MakeDirs is deprecated. Please use tf.io.gfile.makedirs instead.

WARNING:tensorflow:From train.py:288: The name tf.logging.info is deprecated. Please use tf.compat.v1.logging.info instead.

W0413 13:49:25.801638 140104905828096 module_wrapper.py:139] From train.py:288: The name tf.logging.info is deprecated. Please use tf.compat.v1.logging.info instead.

INFO:tensorflow:Training on train_fine set
I0413 13:49:25.801724 140104905828096 train.py:288] Training on train_fine set
WARNING:tensorflow:From train.py:312: The name tf.train.get_or_create_global_step is deprecated. Please use tf.compat.v1.train.get_or_create_global_step instead.

W0413 13:49:25.803316 140104905828096 module_wrapper.py:139] From train.py:312: The name tf.train.get_or_create_global_step is deprecated. Please use tf.compat.v1.train.get_or_create_global_step instead.

WARNING:tensorflow:From /home/grupo01/tensorflow/models/research/deeplab/datasets/data_generator.py:350: The name tf.gfile.Glob is deprecated. Please use tf.io.gfile.glob instead.

W0413 13:49:25.811473 140104905828096 module_wrapper.py:139] From /home/grupo01/tensorflow/models/research/deeplab/datasets/data_generator.py:350: The name tf.gfile.Glob is deprecated. Please use tf.io.gfile.glob instead.

WARNING:tensorflow:From /home/grupo01/anaconda3/lib/python3.7/site-packages/tensorflow_core/python/autograph/converters/directives.py:119: The name tf.FixedLenFeature is deprecated. Please use tf.io.FixedLenFeature instead.

W0413 13:49:25.996761 140104905828096 module_wrapper.py:139] From /home/grupo01/anaconda3/lib/python3.7/site-packages/tensorflow_core/python/autograph/converters/directives.py:119: The name tf.FixedLenFeature is deprecated. Please use tf.io.FixedLenFeature instead.

WARNING:tensorflow:From /home/grupo01/anaconda3/lib/python3.7/site-packages/tensorflow_core/python/autograph/converters/directives.py:119: The name tf.parse_single_example is deprecated. Please use tf.io.parse_single_example instead.

W0413 13:49:25.998007 140104905828096 module_wrapper.py:139] From /home/grupo01/anaconda3/lib/python3.7/site-packages/tensorflow_core/python/autograph/converters/directives.py:119: The name tf.parse_single_example is deprecated. Please use tf.io.parse_single_example instead.

2020-04-13 13:49:26.536236: I tensorflow/stream_executor/platform/default/dso_loader.cc:44] Successfully opened dynamic library libcuda.so.1
2020-04-13 13:49:26.651385: I tensorflow/core/common_runtime/gpu/gpu_device.cc:1618] Found device 0 with properties: 
name: TITAN Xp major: 6 minor: 1 memoryClockRate(GHz): 1.582
pciBusID: 0000:07:00.0
2020-04-13 13:49:26.651636: I tensorflow/stream_executor/platform/default/dso_loader.cc:44] Successfully opened dynamic library libcudart.so.10.0
2020-04-13 13:49:26.653157: I tensorflow/stream_executor/platform/default/dso_loader.cc:44] Successfully opened dynamic library libcublas.so.10.0
2020-04-13 13:49:26.654445: I tensorflow/stream_executor/platform/default/dso_loader.cc:44] Successfully opened dynamic library libcufft.so.10.0
2020-04-13 13:49:26.654745: I tensorflow/stream_executor/platform/default/dso_loader.cc:44] Successfully opened dynamic library libcurand.so.10.0
2020-04-13 13:49:26.656507: I tensorflow/stream_executor/platform/default/dso_loader.cc:44] Successfully opened dynamic library libcusolver.so.10.0
2020-04-13 13:49:26.657915: I tensorflow/stream_executor/platform/default/dso_loader.cc:44] Successfully opened dynamic library libcusparse.so.10.0
2020-04-13 13:49:26.662468: I tensorflow/stream_executor/platform/default/dso_loader.cc:44] Successfully opened dynamic library libcudnn.so.7
2020-04-13 13:49:26.668712: I tensorflow/core/common_runtime/gpu/gpu_device.cc:1746] Adding visible gpu devices: 0
WARNING:tensorflow:From /home/grupo01/anaconda3/lib/python3.7/site-packages/tensorflow_core/python/autograph/converters/directives.py:119: The name tf.random_uniform is deprecated. Please use tf.random.uniform instead.

W0413 13:49:27.825354 140104905828096 module_wrapper.py:139] From /home/grupo01/anaconda3/lib/python3.7/site-packages/tensorflow_core/python/autograph/converters/directives.py:119: The name tf.random_uniform is deprecated. Please use tf.random.uniform instead.

WARNING:tensorflow:From /home/grupo01/anaconda3/lib/python3.7/site-packages/tensorflow_core/python/autograph/converters/directives.py:119: The name tf.lin_space is deprecated. Please use tf.linspace instead.

W0413 13:49:27.826040 140104905828096 module_wrapper.py:139] From /home/grupo01/anaconda3/lib/python3.7/site-packages/tensorflow_core/python/autograph/converters/directives.py:119: The name tf.lin_space is deprecated. Please use tf.linspace instead.

WARNING:tensorflow:From /home/grupo01/anaconda3/lib/python3.7/site-packages/tensorflow_core/python/autograph/converters/directives.py:119: The name tf.random_shuffle is deprecated. Please use tf.random.shuffle instead.

W0413 13:49:27.826313 140104905828096 module_wrapper.py:139] From /home/grupo01/anaconda3/lib/python3.7/site-packages/tensorflow_core/python/autograph/converters/directives.py:119: The name tf.random_shuffle is deprecated. Please use tf.random.shuffle instead.

WARNING:tensorflow:From /home/grupo01/anaconda3/lib/python3.7/site-packages/tensorflow_core/python/autograph/converters/directives.py:119: The name tf.image.resize_bilinear is deprecated. Please use tf.compat.v1.image.resize_bilinear instead.

W0413 13:49:28.035633 140104905828096 module_wrapper.py:139] From /home/grupo01/anaconda3/lib/python3.7/site-packages/tensorflow_core/python/autograph/converters/directives.py:119: The name tf.image.resize_bilinear is deprecated. Please use tf.compat.v1.image.resize_bilinear instead.

WARNING:tensorflow:From /home/grupo01/anaconda3/lib/python3.7/site-packages/tensorflow_core/python/autograph/converters/directives.py:119: The name tf.reverse_v2 is deprecated. Please use tf.reverse instead.

W0413 13:49:30.431322 140104905828096 module_wrapper.py:139] From /home/grupo01/anaconda3/lib/python3.7/site-packages/tensorflow_core/python/autograph/converters/directives.py:119: The name tf.reverse_v2 is deprecated. Please use tf.reverse instead.

WARNING:tensorflow:From /home/grupo01/tensorflow/models/research/deeplab/datasets/data_generator.py:339: DatasetV1.make_one_shot_iterator (from tensorflow.python.data.ops.dataset_ops) is deprecated and will be removed in a future version.
Instructions for updating:
Use `for ... in dataset:` to iterate over a dataset. If using `tf.estimator`, return the `Dataset` object directly from your input function. As a last resort, you can use `tf.compat.v1.data.make_one_shot_iterator(dataset)`.
W0413 13:49:30.695442 140104905828096 deprecation.py:323] From /home/grupo01/tensorflow/models/research/deeplab/datasets/data_generator.py:339: DatasetV1.make_one_shot_iterator (from tensorflow.python.data.ops.dataset_ops) is deprecated and will be removed in a future version.
Instructions for updating:
Use `for ... in dataset:` to iterate over a dataset. If using `tf.estimator`, return the `Dataset` object directly from your input function. As a last resort, you can use `tf.compat.v1.data.make_one_shot_iterator(dataset)`.
WARNING:tensorflow:From /home/grupo01/tensorflow/models/research/slim/deployment/model_deploy.py:192: The name tf.variable_scope is deprecated. Please use tf.compat.v1.variable_scope instead.

W0413 13:49:30.715863 140104905828096 module_wrapper.py:139] From /home/grupo01/tensorflow/models/research/slim/deployment/model_deploy.py:192: The name tf.variable_scope is deprecated. Please use tf.compat.v1.variable_scope instead.

WARNING:tensorflow:From /home/grupo01/tensorflow/models/research/slim/deployment/model_deploy.py:192: The name tf.get_variable_scope is deprecated. Please use tf.compat.v1.get_variable_scope instead.

W0413 13:49:30.716028 140104905828096 module_wrapper.py:139] From /home/grupo01/tensorflow/models/research/slim/deployment/model_deploy.py:192: The name tf.get_variable_scope is deprecated. Please use tf.compat.v1.get_variable_scope instead.

WARNING:tensorflow:From /home/grupo01/tensorflow/models/research/deeplab/model.py:320: The name tf.AUTO_REUSE is deprecated. Please use tf.compat.v1.AUTO_REUSE instead.

W0413 13:49:30.718688 140104905828096 module_wrapper.py:139] From /home/grupo01/tensorflow/models/research/deeplab/model.py:320: The name tf.AUTO_REUSE is deprecated. Please use tf.compat.v1.AUTO_REUSE instead.

WARNING:tensorflow:From /home/grupo01/tensorflow/models/research/deeplab/core/feature_extractor.py:490: to_float (from tensorflow.python.ops.math_ops) is deprecated and will be removed in a future version.
Instructions for updating:
Use `tf.cast` instead.
W0413 13:49:30.719176 140104905828096 deprecation.py:323] From /home/grupo01/tensorflow/models/research/deeplab/core/feature_extractor.py:490: to_float (from tensorflow.python.ops.math_ops) is deprecated and will be removed in a future version.
Instructions for updating:
Use `tf.cast` instead.
WARNING:tensorflow:From /home/grupo01/anaconda3/lib/python3.7/site-packages/tensorflow_core/contrib/layers/python/layers/layers.py:1057: Layer.apply (from tensorflow.python.keras.engine.base_layer) is deprecated and will be removed in a future version.
Instructions for updating:
Please use `layer.__call__` method instead.
W0413 13:49:30.724016 140104905828096 deprecation.py:323] From /home/grupo01/anaconda3/lib/python3.7/site-packages/tensorflow_core/contrib/layers/python/layers/layers.py:1057: Layer.apply (from tensorflow.python.keras.engine.base_layer) is deprecated and will be removed in a future version.
Instructions for updating:
Please use `layer.__call__` method instead.
WARNING:tensorflow:From /home/grupo01/tensorflow/models/research/deeplab/utils/train_utils.py:158: The name tf.losses.add_loss is deprecated. Please use tf.compat.v1.losses.add_loss instead.

W0413 13:49:35.365433 140104905828096 module_wrapper.py:139] From /home/grupo01/tensorflow/models/research/deeplab/utils/train_utils.py:158: The name tf.losses.add_loss is deprecated. Please use tf.compat.v1.losses.add_loss instead.

WARNING:tensorflow:From train.py:324: The name tf.get_collection is deprecated. Please use tf.compat.v1.get_collection instead.

W0413 13:49:35.365972 140104905828096 module_wrapper.py:139] From train.py:324: The name tf.get_collection is deprecated. Please use tf.compat.v1.get_collection instead.

WARNING:tensorflow:From train.py:324: The name tf.GraphKeys is deprecated. Please use tf.compat.v1.GraphKeys instead.

W0413 13:49:35.366117 140104905828096 module_wrapper.py:139] From train.py:324: The name tf.GraphKeys is deprecated. Please use tf.compat.v1.GraphKeys instead.

WARNING:tensorflow:From train.py:330: The name tf.model_variables is deprecated. Please use tf.compat.v1.model_variables instead.

W0413 13:49:35.366288 140104905828096 module_wrapper.py:139] From train.py:330: The name tf.model_variables is deprecated. Please use tf.compat.v1.model_variables instead.

WARNING:tensorflow:From train.py:331: The name tf.summary.histogram is deprecated. Please use tf.compat.v1.summary.histogram instead.

W0413 13:49:35.366462 140104905828096 module_wrapper.py:139] From train.py:331: The name tf.summary.histogram is deprecated. Please use tf.compat.v1.summary.histogram instead.

WARNING:tensorflow:From train.py:359: The name tf.summary.scalar is deprecated. Please use tf.compat.v1.summary.scalar instead.

W0413 13:49:36.075287 140104905828096 module_wrapper.py:139] From train.py:359: The name tf.summary.scalar is deprecated. Please use tf.compat.v1.summary.scalar instead.

INFO:tensorflow:Setting decay_steps to total training steps.
I0413 13:49:36.078833 140104905828096 train_utils.py:327] Setting decay_steps to total training steps.
WARNING:tensorflow:From /home/grupo01/tensorflow/models/research/deeplab/utils/train_utils.py:337: The name tf.train.polynomial_decay is deprecated. Please use tf.compat.v1.train.polynomial_decay instead.

W0413 13:49:36.078982 140104905828096 module_wrapper.py:139] From /home/grupo01/tensorflow/models/research/deeplab/utils/train_utils.py:337: The name tf.train.polynomial_decay is deprecated. Please use tf.compat.v1.train.polynomial_decay instead.

WARNING:tensorflow:From /home/grupo01/tensorflow/models/research/deeplab/utils/train_utils.py:372: where (from tensorflow.python.ops.array_ops) is deprecated and will be removed in a future version.
Instructions for updating:
Use tf.where in 2.0, which has the same broadcast rule as np.where
W0413 13:49:36.087469 140104905828096 deprecation.py:323] From /home/grupo01/tensorflow/models/research/deeplab/utils/train_utils.py:372: where (from tensorflow.python.ops.array_ops) is deprecated and will be removed in a future version.
Instructions for updating:
Use tf.where in 2.0, which has the same broadcast rule as np.where
WARNING:tensorflow:From train.py:378: The name tf.train.MomentumOptimizer is deprecated. Please use tf.compat.v1.train.MomentumOptimizer instead.

W0413 13:49:36.089511 140104905828096 module_wrapper.py:139] From train.py:378: The name tf.train.MomentumOptimizer is deprecated. Please use tf.compat.v1.train.MomentumOptimizer instead.

WARNING:tensorflow:From train.py:396: The name tf.check_numerics is deprecated. Please use tf.debugging.check_numerics instead.

W0413 13:49:38.720683 140104905828096 module_wrapper.py:139] From train.py:396: The name tf.check_numerics is deprecated. Please use tf.debugging.check_numerics instead.

WARNING:tensorflow:From train.py:422: The name tf.summary.merge is deprecated. Please use tf.compat.v1.summary.merge instead.

W0413 13:49:41.253090 140104905828096 module_wrapper.py:139] From train.py:422: The name tf.summary.merge is deprecated. Please use tf.compat.v1.summary.merge instead.

WARNING:tensorflow:From train.py:425: The name tf.ConfigProto is deprecated. Please use tf.compat.v1.ConfigProto instead.

W0413 13:49:41.268753 140104905828096 module_wrapper.py:139] From train.py:425: The name tf.ConfigProto is deprecated. Please use tf.compat.v1.ConfigProto instead.

INFO:tensorflow:Ignoring initialization; other checkpoint exists
I0413 13:49:41.271115 140104905828096 train_utils.py:204] Ignoring initialization; other checkpoint exists
WARNING:tensorflow:From /home/grupo01/anaconda3/lib/python3.7/site-packages/tensorflow_core/contrib/slim/python/slim/learning.py:742: Supervisor.__init__ (from tensorflow.python.training.supervisor) is deprecated and will be removed in a future version.
Instructions for updating:
Please switch to tf.train.MonitoredTrainingSession
W0413 13:49:43.047076 140104905828096 deprecation.py:323] From /home/grupo01/anaconda3/lib/python3.7/site-packages/tensorflow_core/contrib/slim/python/slim/learning.py:742: Supervisor.__init__ (from tensorflow.python.training.supervisor) is deprecated and will be removed in a future version.
Instructions for updating:
Please switch to tf.train.MonitoredTrainingSession
2020-04-13 13:49:44.179848: I tensorflow/core/platform/cpu_feature_guard.cc:142] Your CPU supports instructions that this TensorFlow binary was not compiled to use: AVX2 FMA
2020-04-13 13:49:44.188638: I tensorflow/core/platform/profile_utils/cpu_utils.cc:94] CPU Frequency: 2099865000 Hz
2020-04-13 13:49:44.188848: I tensorflow/compiler/xla/service/service.cc:168] XLA service 0x5600afd50100 initialized for platform Host (this does not guarantee that XLA will be used). Devices:
2020-04-13 13:49:44.188871: I tensorflow/compiler/xla/service/service.cc:176]   StreamExecutor device (0): Host, Default Version
2020-04-13 13:49:44.450985: I tensorflow/compiler/xla/service/service.cc:168] XLA service 0x5600afc2da90 initialized for platform CUDA (this does not guarantee that XLA will be used). Devices:
2020-04-13 13:49:44.451031: I tensorflow/compiler/xla/service/service.cc:176]   StreamExecutor device (0): TITAN Xp, Compute Capability 6.1
2020-04-13 13:49:44.456791: I tensorflow/core/common_runtime/gpu/gpu_device.cc:1618] Found device 0 with properties: 
name: TITAN Xp major: 6 minor: 1 memoryClockRate(GHz): 1.582
pciBusID: 0000:07:00.0
2020-04-13 13:49:44.456977: I tensorflow/stream_executor/platform/default/dso_loader.cc:44] Successfully opened dynamic library libcudart.so.10.0
2020-04-13 13:49:44.457057: I tensorflow/stream_executor/platform/default/dso_loader.cc:44] Successfully opened dynamic library libcublas.so.10.0
2020-04-13 13:49:44.457117: I tensorflow/stream_executor/platform/default/dso_loader.cc:44] Successfully opened dynamic library libcufft.so.10.0
2020-04-13 13:49:44.457187: I tensorflow/stream_executor/platform/default/dso_loader.cc:44] Successfully opened dynamic library libcurand.so.10.0
2020-04-13 13:49:44.457237: I tensorflow/stream_executor/platform/default/dso_loader.cc:44] Successfully opened dynamic library libcusolver.so.10.0
2020-04-13 13:49:44.457285: I tensorflow/stream_executor/platform/default/dso_loader.cc:44] Successfully opened dynamic library libcusparse.so.10.0
2020-04-13 13:49:44.457334: I tensorflow/stream_executor/platform/default/dso_loader.cc:44] Successfully opened dynamic library libcudnn.so.7
2020-04-13 13:49:44.470391: I tensorflow/core/common_runtime/gpu/gpu_device.cc:1746] Adding visible gpu devices: 0
2020-04-13 13:49:44.470469: I tensorflow/stream_executor/platform/default/dso_loader.cc:44] Successfully opened dynamic library libcudart.so.10.0
2020-04-13 13:49:44.476647: I tensorflow/core/common_runtime/gpu/gpu_device.cc:1159] Device interconnect StreamExecutor with strength 1 edge matrix:
2020-04-13 13:49:44.476671: I tensorflow/core/common_runtime/gpu/gpu_device.cc:1165]      0 
2020-04-13 13:49:44.476679: I tensorflow/core/common_runtime/gpu/gpu_device.cc:1178] 0:   N 
2020-04-13 13:49:44.482063: I tensorflow/core/common_runtime/gpu/gpu_device.cc:1304] Created TensorFlow device (/job:localhost/replica:0/task:0/device:GPU:0 with 11438 MB memory) -> physical GPU (device: 0, name: TITAN Xp, pci bus id: 0000:07:00.0, compute capability: 6.1)
INFO:tensorflow:Restoring parameters from ./datasets/cityscapes/exp/train_on_train_set/train/model.ckpt-27710
I0413 13:49:44.485589 140104905828096 saver.py:1284] Restoring parameters from ./datasets/cityscapes/exp/train_on_train_set/train/model.ckpt-27710
WARNING:tensorflow:From /home/grupo01/anaconda3/lib/python3.7/site-packages/tensorflow_core/python/training/saver.py:1069: get_checkpoint_mtimes (from tensorflow.python.training.checkpoint_management) is deprecated and will be removed in a future version.
Instructions for updating:
Use standard file utilities to get mtimes.
W0413 13:49:48.923971 140104905828096 deprecation.py:323] From /home/grupo01/anaconda3/lib/python3.7/site-packages/tensorflow_core/python/training/saver.py:1069: get_checkpoint_mtimes (from tensorflow.python.training.checkpoint_management) is deprecated and will be removed in a future version.
Instructions for updating:
Use standard file utilities to get mtimes.
INFO:tensorflow:Running local_init_op.
I0413 13:49:49.147040 140104905828096 session_manager.py:500] Running local_init_op.
INFO:tensorflow:Done running local_init_op.
I0413 13:49:56.952451 140104905828096 session_manager.py:502] Done running local_init_op.
INFO:tensorflow:Starting Session.
I0413 13:50:24.552581 140104905828096 learning.py:754] Starting Session.
INFO:tensorflow:Saving checkpoint to path ./datasets/cityscapes/exp/train_on_train_set/train/model.ckpt
I0413 13:50:26.839016 140099987683072 supervisor.py:1117] Saving checkpoint to path ./datasets/cityscapes/exp/train_on_train_set/train/model.ckpt
INFO:tensorflow:Starting Queues.
I0413 13:50:28.623632 140104905828096 learning.py:768] Starting Queues.
INFO:tensorflow:global_step/sec: 0
I0413 13:50:40.175190 140099979290368 supervisor.py:1099] global_step/sec: 0
2020-04-13 13:51:43.344317: I tensorflow/core/kernels/data/shuffle_dataset_op.cc:145] Filling up shuffle buffer (this may take a while): 2 of 100
2020-04-13 13:51:43.345421: I tensorflow/core/kernels/data/shuffle_dataset_op.cc:145] Filling up shuffle buffer (this may take a while): 3 of 100
2020-04-13 13:51:43.345440: I tensorflow/core/kernels/data/shuffle_dataset_op.cc:145] Filling up shuffle buffer (this may take a while): 4 of 100
2020-04-13 13:51:47.103881: I tensorflow/core/kernels/data/shuffle_dataset_op.cc:145] Filling up shuffle buffer (this may take a while): 23 of 100
2020-04-13 13:52:04.096601: I tensorflow/core/kernels/data/shuffle_dataset_op.cc:145] Filling up shuffle buffer (this may take a while): 32 of 100
2020-04-13 13:52:12.599142: I tensorflow/core/kernels/data/shuffle_dataset_op.cc:145] Filling up shuffle buffer (this may take a while): 41 of 100
2020-04-13 13:52:21.433141: I tensorflow/core/kernels/data/shuffle_dataset_op.cc:145] Filling up shuffle buffer (this may take a while): 42 of 100
2020-04-13 13:52:27.381110: I tensorflow/core/kernels/data/shuffle_dataset_op.cc:145] Filling up shuffle buffer (this may take a while): 71 of 100
2020-04-13 13:52:44.519458: I tensorflow/core/kernels/data/shuffle_dataset_op.cc:145] Filling up shuffle buffer (this may take a while): 78 of 100
2020-04-13 13:52:47.486887: I tensorflow/core/kernels/data/shuffle_dataset_op.cc:145] Filling up shuffle buffer (this may take a while): 87 of 100
2020-04-13 13:53:03.291449: I tensorflow/core/kernels/data/shuffle_dataset_op.cc:145] Filling up shuffle buffer (this may take a while): 97 of 100
2020-04-13 13:53:03.291802: I tensorflow/core/kernels/data/shuffle_dataset_op.cc:195] Shuffle buffer filled.
2020-04-13 13:53:03.747085: I tensorflow/stream_executor/platform/default/dso_loader.cc:44] Successfully opened dynamic library libcudnn.so.7
2020-04-13 13:53:06.232297: I tensorflow/stream_executor/platform/default/dso_loader.cc:44] Successfully opened dynamic library libcublas.so.10.0
INFO:tensorflow:Recording summary at step 27710.
I0413 13:53:07.975201 140099970897664 supervisor.py:1050] Recording summary at step 27710.
INFO:tensorflow:global step 27720: loss = 0.3973 (0.690 sec/step)
I0413 13:54:27.896480 140104905828096 learning.py:507] global step 27720: loss = 0.3973 (0.690 sec/step)
INFO:tensorflow:global step 27730: loss = 0.6018 (1.226 sec/step)
I0413 13:55:08.640540 140104905828096 learning.py:507] global step 27730: loss = 0.6018 (1.226 sec/step)
INFO:tensorflow:global step 27740: loss = 0.7563 (0.934 sec/step)
I0413 13:55:31.398949 140104905828096 learning.py:507] global step 27740: loss = 0.7563 (0.934 sec/step)
INFO:tensorflow:global step 27750: loss = 0.4803 (0.644 sec/step)
I0413 13:55:54.548722 140104905828096 learning.py:507] global step 27750: loss = 0.4803 (0.644 sec/step)
INFO:tensorflow:global step 27760: loss = 0.6642 (6.628 sec/step)
I0413 13:56:32.817931 140104905828096 learning.py:507] global step 27760: loss = 0.6642 (6.628 sec/step)
INFO:tensorflow:global step 27770: loss = 0.4804 (2.129 sec/step)
I0413 13:56:52.857952 140104905828096 learning.py:507] global step 27770: loss = 0.4804 (2.129 sec/step)
INFO:tensorflow:global step 27780: loss = 0.7191 (0.932 sec/step)
I0413 13:57:22.711339 140104905828096 learning.py:507] global step 27780: loss = 0.7191 (0.932 sec/step)
INFO:tensorflow:global step 27790: loss = 0.5910 (0.677 sec/step)
I0413 13:57:46.070558 140104905828096 learning.py:507] global step 27790: loss = 0.5910 (0.677 sec/step)
INFO:tensorflow:global step 27800: loss = 0.5626 (0.799 sec/step)
I0413 13:58:08.472756 140104905828096 learning.py:507] global step 27800: loss = 0.5626 (0.799 sec/step)
INFO:tensorflow:global step 27810: loss = 0.3834 (3.397 sec/step)
I0413 13:58:33.989394 140104905828096 learning.py:507] global step 27810: loss = 0.3834 (3.397 sec/step)
INFO:tensorflow:global step 27820: loss = 0.7154 (0.831 sec/step)
I0413 13:58:55.902650 140104905828096 learning.py:507] global step 27820: loss = 0.7154 (0.831 sec/step)
INFO:tensorflow:global step 27830: loss = 0.7083 (0.676 sec/step)
I0413 13:59:36.600852 140104905828096 learning.py:507] global step 27830: loss = 0.7083 (0.676 sec/step)
INFO:tensorflow:global step 27840: loss = 0.9663 (1.052 sec/step)
I0413 14:00:16.873975 140104905828096 learning.py:507] global step 27840: loss = 0.9663 (1.052 sec/step)
INFO:tensorflow:global_step/sec: 0.228599
I0413 14:00:36.768078 140099979290368 supervisor.py:1099] global_step/sec: 0.228599
INFO:tensorflow:global step 27850: loss = 0.9342 (0.666 sec/step)
I0413 14:00:40.701093 140104905828096 learning.py:507] global step 27850: loss = 0.9342 (0.666 sec/step)
INFO:tensorflow:Recording summary at step 27850.
I0413 14:00:57.971595 140099970897664 supervisor.py:1050] Recording summary at step 27850.
INFO:tensorflow:global step 27860: loss = 0.4886 (0.648 sec/step)
I0413 14:01:16.583302 140104905828096 learning.py:507] global step 27860: loss = 0.4886 (0.648 sec/step)
INFO:tensorflow:global step 27870: loss = 0.4957 (0.754 sec/step)
I0413 14:01:50.664840 140104905828096 learning.py:507] global step 27870: loss = 0.4957 (0.754 sec/step)
INFO:tensorflow:global step 27880: loss = 0.5952 (3.377 sec/step)
I0413 14:02:19.553992 140104905828096 learning.py:507] global step 27880: loss = 0.5952 (3.377 sec/step)
INFO:tensorflow:global step 27890: loss = 0.9303 (9.117 sec/step)
I0413 14:02:54.893410 140104905828096 learning.py:507] global step 27890: loss = 0.9303 (9.117 sec/step)
INFO:tensorflow:global step 27900: loss = 0.6205 (0.805 sec/step)
I0413 14:03:18.535130 140104905828096 learning.py:507] global step 27900: loss = 0.6205 (0.805 sec/step)
INFO:tensorflow:global step 27910: loss = 0.7553 (3.425 sec/step)
I0413 14:03:44.971499 140104905828096 learning.py:507] global step 27910: loss = 0.7553 (3.425 sec/step)
INFO:tensorflow:global step 27920: loss = 0.6163 (0.661 sec/step)
I0413 14:04:21.336083 140104905828096 learning.py:507] global step 27920: loss = 0.6163 (0.661 sec/step)
INFO:tensorflow:global step 27930: loss = 0.5387 (1.492 sec/step)
I0413 14:04:49.284188 140104905828096 learning.py:507] global step 27930: loss = 0.5387 (1.492 sec/step)
INFO:tensorflow:global step 27940: loss = 0.7314 (0.769 sec/step)
I0413 14:05:08.651058 140104905828096 learning.py:507] global step 27940: loss = 0.7314 (0.769 sec/step)
INFO:tensorflow:global step 27950: loss = 0.7337 (0.817 sec/step)
I0413 14:05:46.550848 140104905828096 learning.py:507] global step 27950: loss = 0.7337 (0.817 sec/step)
INFO:tensorflow:global step 27960: loss = 0.7694 (15.041 sec/step)
I0413 14:06:26.082603 140104905828096 learning.py:507] global step 27960: loss = 0.7694 (15.041 sec/step)
INFO:tensorflow:global step 27970: loss = 0.4327 (2.496 sec/step)
I0413 14:06:42.536837 140104905828096 learning.py:507] global step 27970: loss = 0.4327 (2.496 sec/step)
INFO:tensorflow:global step 27980: loss = 0.4169 (0.846 sec/step)
I0413 14:07:20.282000 140104905828096 learning.py:507] global step 27980: loss = 0.4169 (0.846 sec/step)
INFO:tensorflow:global step 27990: loss = 0.6274 (4.809 sec/step)
I0413 14:07:56.818003 140104905828096 learning.py:507] global step 27990: loss = 0.6274 (4.809 sec/step)
INFO:tensorflow:global step 28000: loss = 0.6151 (8.715 sec/step)
I0413 14:08:27.844248 140104905828096 learning.py:507] global step 28000: loss = 0.6151 (8.715 sec/step)
INFO:tensorflow:global step 28010: loss = 0.6730 (0.864 sec/step)
I0413 14:08:51.907242 140104905828096 learning.py:507] global step 28010: loss = 0.6730 (0.864 sec/step)
INFO:tensorflow:global step 28020: loss = 0.7461 (7.213 sec/step)
I0413 14:09:31.104685 140104905828096 learning.py:507] global step 28020: loss = 0.7461 (7.213 sec/step)
INFO:tensorflow:global step 28030: loss = 0.6511 (1.019 sec/step)
I0413 14:09:55.879154 140104905828096 learning.py:507] global step 28030: loss = 0.6511 (1.019 sec/step)
INFO:tensorflow:Saving checkpoint to path ./datasets/cityscapes/exp/train_on_train_set/train/model.ckpt
I0413 14:10:37.664154 140099987683072 supervisor.py:1117] Saving checkpoint to path ./datasets/cityscapes/exp/train_on_train_set/train/model.ckpt
INFO:tensorflow:global_step/sec: 0.316568
I0413 14:10:37.761478 140099979290368 supervisor.py:1099] global_step/sec: 0.316568
WARNING:tensorflow:From /home/grupo01/anaconda3/lib/python3.7/site-packages/tensorflow_core/python/training/saver.py:963: remove_checkpoint (from tensorflow.python.training.checkpoint_management) is deprecated and will be removed in a future version.
Instructions for updating:
Use standard file APIs to delete files with this prefix.
W0413 14:10:44.636754 140099987683072 deprecation.py:323] From /home/grupo01/anaconda3/lib/python3.7/site-packages/tensorflow_core/python/training/saver.py:963: remove_checkpoint (from tensorflow.python.training.checkpoint_management) is deprecated and will be removed in a future version.
Instructions for updating:
Use standard file APIs to delete files with this prefix.
INFO:tensorflow:Recording summary at step 28040.
I0413 14:10:58.228327 140099970897664 supervisor.py:1050] Recording summary at step 28040.
INFO:tensorflow:global step 28040: loss = 1.0729 (9.002 sec/step)
I0413 14:11:00.789433 140104905828096 learning.py:507] global step 28040: loss = 1.0729 (9.002 sec/step)
INFO:tensorflow:global step 28050: loss = 0.5800 (0.768 sec/step)
I0413 14:12:04.515227 140104905828096 learning.py:507] global step 28050: loss = 0.5800 (0.768 sec/step)
INFO:tensorflow:global step 28060: loss = 0.4602 (0.856 sec/step)
I0413 14:12:36.709934 140104905828096 learning.py:507] global step 28060: loss = 0.4602 (0.856 sec/step)
INFO:tensorflow:global step 28070: loss = 0.7086 (0.663 sec/step)
I0413 14:13:16.981187 140104905828096 learning.py:507] global step 28070: loss = 0.7086 (0.663 sec/step)
INFO:tensorflow:global step 28080: loss = 0.5704 (0.813 sec/step)
I0413 14:13:57.889573 140104905828096 learning.py:507] global step 28080: loss = 0.5704 (0.813 sec/step)
INFO:tensorflow:global step 28090: loss = 0.6063 (0.733 sec/step)
I0413 14:14:20.841503 140104905828096 learning.py:507] global step 28090: loss = 0.6063 (0.733 sec/step)
INFO:tensorflow:global step 28100: loss = 0.4513 (0.622 sec/step)
I0413 14:14:49.456559 140104905828096 learning.py:507] global step 28100: loss = 0.4513 (0.622 sec/step)
INFO:tensorflow:global step 28110: loss = 0.6199 (9.153 sec/step)
I0413 14:15:32.246863 140104905828096 learning.py:507] global step 28110: loss = 0.6199 (9.153 sec/step)
INFO:tensorflow:global step 28120: loss = 0.5438 (0.607 sec/step)
I0413 14:16:11.418349 140104905828096 learning.py:507] global step 28120: loss = 0.5438 (0.607 sec/step)
INFO:tensorflow:global step 28130: loss = 0.7407 (4.845 sec/step)
I0413 14:16:44.857075 140104905828096 learning.py:507] global step 28130: loss = 0.7407 (4.845 sec/step)
INFO:tensorflow:global step 28140: loss = 0.4377 (0.967 sec/step)
I0413 14:17:14.542520 140104905828096 learning.py:507] global step 28140: loss = 0.4377 (0.967 sec/step)
INFO:tensorflow:global step 28150: loss = 0.6856 (0.668 sec/step)
I0413 14:17:38.484985 140104905828096 learning.py:507] global step 28150: loss = 0.6856 (0.668 sec/step)
INFO:tensorflow:global step 28160: loss = 0.9973 (0.632 sec/step)
I0413 14:18:27.201178 140104905828096 learning.py:507] global step 28160: loss = 0.9973 (0.632 sec/step)
INFO:tensorflow:global step 28170: loss = 0.6398 (0.728 sec/step)
I0413 14:19:07.779479 140104905828096 learning.py:507] global step 28170: loss = 0.6398 (0.728 sec/step)
INFO:tensorflow:global step 28180: loss = 1.0140 (0.733 sec/step)
I0413 14:19:47.214886 140104905828096 learning.py:507] global step 28180: loss = 1.0140 (0.733 sec/step)
INFO:tensorflow:global step 28190: loss = 0.4204 (1.061 sec/step)
I0413 14:20:27.050323 140104905828096 learning.py:507] global step 28190: loss = 0.4204 (1.061 sec/step)
INFO:tensorflow:Recording summary at step 28194.
I0413 14:20:31.921210 140099970897664 supervisor.py:1050] Recording summary at step 28194.
INFO:tensorflow:global_step/sec: 0.264092
I0413 14:20:32.180002 140099979290368 supervisor.py:1099] global_step/sec: 0.264092
INFO:tensorflow:global step 28200: loss = 1.1879 (11.165 sec/step)
I0413 14:21:08.493614 140104905828096 learning.py:507] global step 28200: loss = 1.1879 (11.165 sec/step)
INFO:tensorflow:global step 28210: loss = 0.4926 (0.798 sec/step)
I0413 14:21:33.372256 140104905828096 learning.py:507] global step 28210: loss = 0.4926 (0.798 sec/step)
INFO:tensorflow:global step 28220: loss = 0.6879 (0.654 sec/step)
I0413 14:21:56.930785 140104905828096 learning.py:507] global step 28220: loss = 0.6879 (0.654 sec/step)
INFO:tensorflow:global step 28230: loss = 0.7379 (0.919 sec/step)
I0413 14:22:35.395990 140104905828096 learning.py:507] global step 28230: loss = 0.7379 (0.919 sec/step)
INFO:tensorflow:global step 28240: loss = 0.5940 (0.572 sec/step)
I0413 14:23:08.784165 140104905828096 learning.py:507] global step 28240: loss = 0.5940 (0.572 sec/step)
INFO:tensorflow:global step 28250: loss = 0.4810 (0.685 sec/step)
I0413 14:23:44.637729 140104905828096 learning.py:507] global step 28250: loss = 0.4810 (0.685 sec/step)
INFO:tensorflow:global step 28260: loss = 0.8914 (1.086 sec/step)
I0413 14:24:23.713802 140104905828096 learning.py:507] global step 28260: loss = 0.8914 (1.086 sec/step)
INFO:tensorflow:global step 28270: loss = 0.6602 (0.656 sec/step)
I0413 14:24:47.276377 140104905828096 learning.py:507] global step 28270: loss = 0.6602 (0.656 sec/step)
INFO:tensorflow:global step 28280: loss = 0.4093 (5.050 sec/step)
I0413 14:25:16.454790 140104905828096 learning.py:507] global step 28280: loss = 0.4093 (5.050 sec/step)
INFO:tensorflow:global step 28290: loss = 0.8189 (16.259 sec/step)
I0413 14:25:50.949587 140104905828096 learning.py:507] global step 28290: loss = 0.8189 (16.259 sec/step)
INFO:tensorflow:global step 28300: loss = 0.8499 (0.934 sec/step)
I0413 14:26:14.698288 140104905828096 learning.py:507] global step 28300: loss = 0.8499 (0.934 sec/step)
INFO:tensorflow:global step 28310: loss = 1.0327 (0.650 sec/step)
I0413 14:26:50.579715 140104905828096 learning.py:507] global step 28310: loss = 1.0327 (0.650 sec/step)
INFO:tensorflow:global step 28320: loss = 0.4635 (0.689 sec/step)
I0413 14:27:30.372026 140104905828096 learning.py:507] global step 28320: loss = 0.4635 (0.689 sec/step)
INFO:tensorflow:global step 28330: loss = 0.6593 (0.649 sec/step)
I0413 14:27:54.272749 140104905828096 learning.py:507] global step 28330: loss = 0.6593 (0.649 sec/step)
INFO:tensorflow:global step 28340: loss = 0.4125 (0.865 sec/step)
I0413 14:28:37.398194 140104905828096 learning.py:507] global step 28340: loss = 0.4125 (0.865 sec/step)
INFO:tensorflow:global step 28350: loss = 0.6547 (0.890 sec/step)
I0413 14:29:15.997671 140104905828096 learning.py:507] global step 28350: loss = 0.6547 (0.890 sec/step)
INFO:tensorflow:global step 28360: loss = 0.6796 (0.641 sec/step)
I0413 14:29:42.827695 140104905828096 learning.py:507] global step 28360: loss = 0.6796 (0.641 sec/step)
INFO:tensorflow:global step 28370: loss = 0.7039 (0.827 sec/step)
I0413 14:30:12.550907 140104905828096 learning.py:507] global step 28370: loss = 0.7039 (0.827 sec/step)
INFO:tensorflow:Saving checkpoint to path ./datasets/cityscapes/exp/train_on_train_set/train/model.ckpt
I0413 14:30:28.994520 140099987683072 supervisor.py:1117] Saving checkpoint to path ./datasets/cityscapes/exp/train_on_train_set/train/model.ckpt
INFO:tensorflow:global_step/sec: 0.292072
I0413 14:30:46.948297 140099979290368 supervisor.py:1099] global_step/sec: 0.292072
INFO:tensorflow:Recording summary at step 28374.
I0413 14:30:47.969653 140099970897664 supervisor.py:1050] Recording summary at step 28374.
INFO:tensorflow:global step 28380: loss = 0.7581 (2.532 sec/step)
I0413 14:31:33.365003 140104905828096 learning.py:507] global step 28380: loss = 0.7581 (2.532 sec/step)
INFO:tensorflow:global step 28390: loss = 0.4568 (0.706 sec/step)
I0413 14:32:14.073566 140104905828096 learning.py:507] global step 28390: loss = 0.4568 (0.706 sec/step)
INFO:tensorflow:global step 28400: loss = 0.5358 (0.804 sec/step)
I0413 14:32:59.058052 140104905828096 learning.py:507] global step 28400: loss = 0.5358 (0.804 sec/step)
INFO:tensorflow:global step 28410: loss = 0.6973 (14.079 sec/step)
I0413 14:33:42.032397 140104905828096 learning.py:507] global step 28410: loss = 0.6973 (14.079 sec/step)
INFO:tensorflow:global step 28420: loss = 0.6919 (17.282 sec/step)
I0413 14:34:30.321281 140104905828096 learning.py:507] global step 28420: loss = 0.6919 (17.282 sec/step)
INFO:tensorflow:global step 28430: loss = 0.4817 (0.656 sec/step)
I0413 14:34:54.646787 140104905828096 learning.py:507] global step 28430: loss = 0.4817 (0.656 sec/step)
INFO:tensorflow:global step 28440: loss = 0.8951 (0.603 sec/step)
I0413 14:35:41.656869 140104905828096 learning.py:507] global step 28440: loss = 0.8951 (0.603 sec/step)
INFO:tensorflow:global step 28450: loss = 0.6274 (0.743 sec/step)
I0413 14:36:16.126111 140104905828096 learning.py:507] global step 28450: loss = 0.6274 (0.743 sec/step)
INFO:tensorflow:global step 28460: loss = 0.7342 (2.893 sec/step)
I0413 14:37:05.239976 140104905828096 learning.py:507] global step 28460: loss = 0.7342 (2.893 sec/step)
INFO:tensorflow:global step 28470: loss = 0.8204 (15.735 sec/step)
I0413 14:37:45.783400 140104905828096 learning.py:507] global step 28470: loss = 0.8204 (15.735 sec/step)
INFO:tensorflow:global step 28480: loss = 0.8723 (0.659 sec/step)
I0413 14:37:53.424310 140104905828096 learning.py:507] global step 28480: loss = 0.8723 (0.659 sec/step)
INFO:tensorflow:global step 28490: loss = 0.5845 (1.181 sec/step)
I0413 14:38:33.414770 140104905828096 learning.py:507] global step 28490: loss = 0.5845 (1.181 sec/step)
INFO:tensorflow:global step 28500: loss = 0.7981 (1.863 sec/step)
I0413 14:39:15.483037 140104905828096 learning.py:507] global step 28500: loss = 0.7981 (1.863 sec/step)
INFO:tensorflow:global step 28510: loss = 0.6475 (5.618 sec/step)
I0413 14:39:49.344241 140104905828096 learning.py:507] global step 28510: loss = 0.6475 (5.618 sec/step)
INFO:tensorflow:global step 28520: loss = 0.5426 (0.964 sec/step)
I0413 14:40:17.914912 140104905828096 learning.py:507] global step 28520: loss = 0.5426 (0.964 sec/step)
INFO:tensorflow:global_step/sec: 0.260539
I0413 14:40:32.673111 140099979290368 supervisor.py:1099] global_step/sec: 0.260539
INFO:tensorflow:Recording summary at step 28527.
I0413 14:40:32.967345 140099970897664 supervisor.py:1050] Recording summary at step 28527.
INFO:tensorflow:global step 28530: loss = 0.5648 (0.642 sec/step)
I0413 14:40:43.559843 140104905828096 learning.py:507] global step 28530: loss = 0.5648 (0.642 sec/step)
INFO:tensorflow:global step 28540: loss = 0.7190 (9.932 sec/step)
I0413 14:41:08.933055 140104905828096 learning.py:507] global step 28540: loss = 0.7190 (9.932 sec/step)
INFO:tensorflow:global step 28550: loss = 0.8214 (9.975 sec/step)
I0413 14:41:34.940639 140104905828096 learning.py:507] global step 28550: loss = 0.8214 (9.975 sec/step)
INFO:tensorflow:global step 28560: loss = 0.4541 (0.908 sec/step)
I0413 14:41:52.629765 140104905828096 learning.py:507] global step 28560: loss = 0.4541 (0.908 sec/step)
INFO:tensorflow:global step 28570: loss = 0.6388 (9.784 sec/step)
I0413 14:42:26.672623 140104905828096 learning.py:507] global step 28570: loss = 0.6388 (9.784 sec/step)
INFO:tensorflow:global step 28580: loss = 1.0868 (7.667 sec/step)
I0413 14:42:42.651314 140104905828096 learning.py:507] global step 28580: loss = 1.0868 (7.667 sec/step)
INFO:tensorflow:global step 28590: loss = 1.2848 (0.862 sec/step)
I0413 14:43:06.395857 140104905828096 learning.py:507] global step 28590: loss = 1.2848 (0.862 sec/step)
INFO:tensorflow:global step 28600: loss = 1.1472 (0.923 sec/step)
I0413 14:43:39.040969 140104905828096 learning.py:507] global step 28600: loss = 1.1472 (0.923 sec/step)
INFO:tensorflow:global step 28610: loss = 0.3828 (0.767 sec/step)
I0413 14:44:04.231266 140104905828096 learning.py:507] global step 28610: loss = 0.3828 (0.767 sec/step)
INFO:tensorflow:global step 28620: loss = 0.6018 (0.738 sec/step)
I0413 14:44:37.081359 140104905828096 learning.py:507] global step 28620: loss = 0.6018 (0.738 sec/step)
INFO:tensorflow:global step 28630: loss = 0.7434 (4.353 sec/step)
I0413 14:45:08.451950 140104905828096 learning.py:507] global step 28630: loss = 0.7434 (4.353 sec/step)
INFO:tensorflow:global step 28640: loss = 0.5612 (0.612 sec/step)
I0413 14:45:27.222876 140104905828096 learning.py:507] global step 28640: loss = 0.5612 (0.612 sec/step)
INFO:tensorflow:global step 28650: loss = 0.7347 (1.247 sec/step)
I0413 14:45:45.168636 140104905828096 learning.py:507] global step 28650: loss = 0.7347 (1.247 sec/step)
INFO:tensorflow:global step 28660: loss = 0.7837 (0.654 sec/step)
I0413 14:46:16.211973 140104905828096 learning.py:507] global step 28660: loss = 0.7837 (0.654 sec/step)
INFO:tensorflow:global step 28670: loss = 0.8994 (0.781 sec/step)
I0413 14:46:49.231087 140104905828096 learning.py:507] global step 28670: loss = 0.8994 (0.781 sec/step)
INFO:tensorflow:global step 28680: loss = 0.5099 (0.641 sec/step)
I0413 14:47:18.006651 140104905828096 learning.py:507] global step 28680: loss = 0.5099 (0.641 sec/step)
INFO:tensorflow:global step 28690: loss = 0.4358 (9.392 sec/step)
I0413 14:47:50.672089 140104905828096 learning.py:507] global step 28690: loss = 0.4358 (9.392 sec/step)
INFO:tensorflow:global step 28700: loss = 0.7368 (10.320 sec/step)
I0413 14:48:16.629781 140104905828096 learning.py:507] global step 28700: loss = 0.7368 (10.320 sec/step)
INFO:tensorflow:global step 28710: loss = 0.7028 (2.251 sec/step)
I0413 14:49:02.794151 140104905828096 learning.py:507] global step 28710: loss = 0.7028 (2.251 sec/step)
INFO:tensorflow:global step 28720: loss = 0.5914 (0.586 sec/step)
I0413 14:49:47.237226 140104905828096 learning.py:507] global step 28720: loss = 0.5914 (0.586 sec/step)
INFO:tensorflow:Saving checkpoint to path ./datasets/cityscapes/exp/train_on_train_set/train/model.ckpt
INFO:tensorflow:global step 28730: loss = 0.7464 (1.917 sec/step)
I0413 14:50:33.928823 140099987683072 supervisor.py:1117] Saving checkpoint to path ./datasets/cityscapes/exp/train_on_train_set/train/model.ckpt
INFO:tensorflow:global_step/sec: 0.33904
I0413 14:50:33.940227 140104905828096 learning.py:507] global step 28730: loss = 0.7464 (1.917 sec/step)
I0413 14:50:34.042029 140099979290368 supervisor.py:1099] global_step/sec: 0.33904
INFO:tensorflow:Recording summary at step 28732.
I0413 14:50:38.529023 140099970897664 supervisor.py:1050] Recording summary at step 28732.
INFO:tensorflow:global step 28740: loss = 0.5584 (18.390 sec/step)
I0413 14:51:56.790626 140104905828096 learning.py:507] global step 28740: loss = 0.5584 (18.390 sec/step)
INFO:tensorflow:global step 28750: loss = 0.6210 (7.034 sec/step)
I0413 14:52:36.916603 140104905828096 learning.py:507] global step 28750: loss = 0.6210 (7.034 sec/step)
INFO:tensorflow:global step 28760: loss = 0.8000 (0.642 sec/step)
I0413 14:53:09.006255 140104905828096 learning.py:507] global step 28760: loss = 0.8000 (0.642 sec/step)
INFO:tensorflow:global step 28770: loss = 1.5803 (0.761 sec/step)
I0413 14:53:48.938177 140104905828096 learning.py:507] global step 28770: loss = 1.5803 (0.761 sec/step)
INFO:tensorflow:global step 28780: loss = 0.6852 (0.812 sec/step)
I0413 14:54:12.491005 140104905828096 learning.py:507] global step 28780: loss = 0.6852 (0.812 sec/step)
INFO:tensorflow:global step 28790: loss = 0.7338 (0.600 sec/step)
I0413 14:54:35.608687 140104905828096 learning.py:507] global step 28790: loss = 0.7338 (0.600 sec/step)
INFO:tensorflow:global step 28800: loss = 0.6505 (0.614 sec/step)
I0413 14:55:14.585989 140104905828096 learning.py:507] global step 28800: loss = 0.6505 (0.614 sec/step)
INFO:tensorflow:global step 28810: loss = 0.7528 (1.425 sec/step)
I0413 14:55:39.275379 140104905828096 learning.py:507] global step 28810: loss = 0.7528 (1.425 sec/step)
INFO:tensorflow:global step 28820: loss = 0.6124 (0.959 sec/step)
I0413 14:56:20.655691 140104905828096 learning.py:507] global step 28820: loss = 0.6124 (0.959 sec/step)
INFO:tensorflow:global step 28830: loss = 0.4871 (0.689 sec/step)
I0413 14:56:46.320131 140104905828096 learning.py:507] global step 28830: loss = 0.4871 (0.689 sec/step)
INFO:tensorflow:global step 28840: loss = 0.5686 (0.723 sec/step)
I0413 14:57:25.417278 140104905828096 learning.py:507] global step 28840: loss = 0.5686 (0.723 sec/step)
INFO:tensorflow:global step 28850: loss = 0.4721 (1.273 sec/step)
I0413 14:57:50.187862 140104905828096 learning.py:507] global step 28850: loss = 0.4721 (1.273 sec/step)
INFO:tensorflow:global step 28860: loss = 2.2302 (7.053 sec/step)
I0413 14:58:20.832861 140104905828096 learning.py:507] global step 28860: loss = 2.2302 (7.053 sec/step)
INFO:tensorflow:global step 28870: loss = 0.9266 (2.516 sec/step)
I0413 14:58:56.203139 140104905828096 learning.py:507] global step 28870: loss = 0.9266 (2.516 sec/step)
INFO:tensorflow:global step 28880: loss = 0.6450 (17.633 sec/step)
I0413 14:59:37.574977 140104905828096 learning.py:507] global step 28880: loss = 0.6450 (17.633 sec/step)
INFO:tensorflow:global step 28890: loss = 0.4803 (12.429 sec/step)
I0413 15:00:19.896813 140104905828096 learning.py:507] global step 28890: loss = 0.4803 (12.429 sec/step)
INFO:tensorflow:global_step/sec: 0.271734
I0413 15:00:33.858175 140099979290368 supervisor.py:1099] global_step/sec: 0.271734
INFO:tensorflow:Recording summary at step 28896.
I0413 15:00:43.413942 140099970897664 supervisor.py:1050] Recording summary at step 28896.
INFO:tensorflow:global step 28900: loss = 0.7239 (0.857 sec/step)
I0413 15:01:03.462846 140104905828096 learning.py:507] global step 28900: loss = 0.7239 (0.857 sec/step)
INFO:tensorflow:global step 28910: loss = 0.4098 (0.816 sec/step)
I0413 15:01:45.886372 140104905828096 learning.py:507] global step 28910: loss = 0.4098 (0.816 sec/step)
INFO:tensorflow:global step 28920: loss = 0.7762 (14.174 sec/step)
I0413 15:02:24.868533 140104905828096 learning.py:507] global step 28920: loss = 0.7762 (14.174 sec/step)
INFO:tensorflow:global step 28930: loss = 0.4993 (0.693 sec/step)
I0413 15:02:51.652100 140104905828096 learning.py:507] global step 28930: loss = 0.4993 (0.693 sec/step)
INFO:tensorflow:global step 28940: loss = 0.6525 (0.795 sec/step)
I0413 15:03:15.958623 140104905828096 learning.py:507] global step 28940: loss = 0.6525 (0.795 sec/step)
INFO:tensorflow:global step 28950: loss = 0.6132 (0.575 sec/step)
I0413 15:03:57.622892 140104905828096 learning.py:507] global step 28950: loss = 0.6132 (0.575 sec/step)
INFO:tensorflow:global step 28960: loss = 0.7420 (1.361 sec/step)
I0413 15:04:39.988281 140104905828096 learning.py:507] global step 28960: loss = 0.7420 (1.361 sec/step)
INFO:tensorflow:global step 28970: loss = 0.5320 (0.807 sec/step)
I0413 15:05:12.239925 140104905828096 learning.py:507] global step 28970: loss = 0.5320 (0.807 sec/step)
INFO:tensorflow:global step 28980: loss = 0.4579 (0.806 sec/step)
I0413 15:05:51.997180 140104905828096 learning.py:507] global step 28980: loss = 0.4579 (0.806 sec/step)
INFO:tensorflow:global step 28990: loss = 0.7803 (3.739 sec/step)
I0413 15:06:30.482358 140104905828096 learning.py:507] global step 28990: loss = 0.7803 (3.739 sec/step)
INFO:tensorflow:global step 29000: loss = 0.5209 (0.641 sec/step)
I0413 15:07:12.997515 140104905828096 learning.py:507] global step 29000: loss = 0.5209 (0.641 sec/step)
INFO:tensorflow:global step 29010: loss = 0.6334 (1.194 sec/step)
I0413 15:07:54.873695 140104905828096 learning.py:507] global step 29010: loss = 0.6334 (1.194 sec/step)
INFO:tensorflow:global step 29020: loss = 0.7480 (0.650 sec/step)
I0413 15:08:52.917909 140104905828096 learning.py:507] global step 29020: loss = 0.7480 (0.650 sec/step)
INFO:tensorflow:global step 29030: loss = 0.7710 (9.257 sec/step)
I0413 15:09:15.186557 140104905828096 learning.py:507] global step 29030: loss = 0.7710 (9.257 sec/step)
INFO:tensorflow:global step 29040: loss = 0.6341 (0.691 sec/step)
I0413 15:09:38.542251 140104905828096 learning.py:507] global step 29040: loss = 0.6341 (0.691 sec/step)
INFO:tensorflow:global step 29050: loss = 0.6653 (0.637 sec/step)
I0413 15:10:22.743919 140104905828096 learning.py:507] global step 29050: loss = 0.6653 (0.637 sec/step)
INFO:tensorflow:Saving checkpoint to path ./datasets/cityscapes/exp/train_on_train_set/train/model.ckpt
I0413 15:10:29.467207 140099987683072 supervisor.py:1117] Saving checkpoint to path ./datasets/cityscapes/exp/train_on_train_set/train/model.ckpt
INFO:tensorflow:global_step/sec: 0.266403
I0413 15:10:34.898781 140099979290368 supervisor.py:1099] global_step/sec: 0.266403
INFO:tensorflow:Recording summary at step 29055.
I0413 15:10:47.277286 140099970897664 supervisor.py:1050] Recording summary at step 29055.
INFO:tensorflow:global step 29060: loss = 0.6218 (0.761 sec/step)
I0413 15:11:26.838180 140104905828096 learning.py:507] global step 29060: loss = 0.6218 (0.761 sec/step)
INFO:tensorflow:global step 29070: loss = 0.3983 (0.595 sec/step)
I0413 15:12:24.458321 140104905828096 learning.py:507] global step 29070: loss = 0.3983 (0.595 sec/step)
INFO:tensorflow:global step 29080: loss = 1.0343 (0.586 sec/step)
I0413 15:12:47.698909 140104905828096 learning.py:507] global step 29080: loss = 1.0343 (0.586 sec/step)
INFO:tensorflow:global step 29090: loss = 0.8292 (4.651 sec/step)
I0413 15:13:29.777431 140104905828096 learning.py:507] global step 29090: loss = 0.8292 (4.651 sec/step)
INFO:tensorflow:global step 29100: loss = 0.6270 (0.626 sec/step)
I0413 15:14:01.025013 140104905828096 learning.py:507] global step 29100: loss = 0.6270 (0.626 sec/step)
INFO:tensorflow:global step 29110: loss = 0.5618 (0.612 sec/step)
I0413 15:14:40.285378 140104905828096 learning.py:507] global step 29110: loss = 0.5618 (0.612 sec/step)
INFO:tensorflow:global step 29120: loss = 0.5445 (13.982 sec/step)
I0413 15:15:19.855573 140104905828096 learning.py:507] global step 29120: loss = 0.5445 (13.982 sec/step)
INFO:tensorflow:global step 29130: loss = 0.5071 (0.615 sec/step)
I0413 15:15:52.358224 140104905828096 learning.py:507] global step 29130: loss = 0.5071 (0.615 sec/step)
INFO:tensorflow:global step 29140: loss = 0.5053 (1.197 sec/step)
I0413 15:16:31.768446 140104905828096 learning.py:507] global step 29140: loss = 0.5053 (1.197 sec/step)
INFO:tensorflow:global step 29150: loss = 0.5064 (0.581 sec/step)
I0413 15:17:01.580701 140104905828096 learning.py:507] global step 29150: loss = 0.5064 (0.581 sec/step)
INFO:tensorflow:global step 29160: loss = 0.5462 (4.798 sec/step)
I0413 15:17:38.980823 140104905828096 learning.py:507] global step 29160: loss = 0.5462 (4.798 sec/step)
INFO:tensorflow:global step 29170: loss = 0.5385 (1.276 sec/step)
I0413 15:18:15.939102 140104905828096 learning.py:507] global step 29170: loss = 0.5385 (1.276 sec/step)
INFO:tensorflow:global step 29180: loss = 0.6725 (0.809 sec/step)
I0413 15:19:04.456611 140104905828096 learning.py:507] global step 29180: loss = 0.6725 (0.809 sec/step)
INFO:tensorflow:global step 29190: loss = 0.8412 (0.670 sec/step)
I0413 15:19:27.450911 140104905828096 learning.py:507] global step 29190: loss = 0.8412 (0.670 sec/step)
INFO:tensorflow:global step 29200: loss = 0.8142 (1.112 sec/step)
I0413 15:20:24.441470 140104905828096 learning.py:507] global step 29200: loss = 0.8142 (1.112 sec/step)
INFO:tensorflow:global_step/sec: 0.254225
I0413 15:20:33.626061 140099979290368 supervisor.py:1099] global_step/sec: 0.254225
INFO:tensorflow:Recording summary at step 29205.
I0413 15:20:34.178089 140099970897664 supervisor.py:1050] Recording summary at step 29205.
INFO:tensorflow:global step 29210: loss = 0.3979 (1.154 sec/step)
I0413 15:21:05.940792 140104905828096 learning.py:507] global step 29210: loss = 0.3979 (1.154 sec/step)
INFO:tensorflow:global step 29220: loss = 0.9397 (13.155 sec/step)
I0413 15:21:47.327100 140104905828096 learning.py:507] global step 29220: loss = 0.9397 (13.155 sec/step)
INFO:tensorflow:global step 29230: loss = 0.8084 (5.620 sec/step)
I0413 15:22:20.318225 140104905828096 learning.py:507] global step 29230: loss = 0.8084 (5.620 sec/step)
INFO:tensorflow:global step 29240: loss = 0.9253 (17.382 sec/step)
I0413 15:23:17.946235 140104905828096 learning.py:507] global step 29240: loss = 0.9253 (17.382 sec/step)
INFO:tensorflow:global step 29250: loss = 0.6154 (0.730 sec/step)
I0413 15:23:43.767759 140104905828096 learning.py:507] global step 29250: loss = 0.6154 (0.730 sec/step)
INFO:tensorflow:global step 29260: loss = 0.6407 (13.224 sec/step)
I0413 15:24:28.295419 140104905828096 learning.py:507] global step 29260: loss = 0.6407 (13.224 sec/step)
INFO:tensorflow:global step 29270: loss = 0.5499 (1.266 sec/step)
I0413 15:25:01.192824 140104905828096 learning.py:507] global step 29270: loss = 0.5499 (1.266 sec/step)
INFO:tensorflow:global step 29280: loss = 0.5870 (0.628 sec/step)
I0413 15:25:45.356544 140104905828096 learning.py:507] global step 29280: loss = 0.5870 (0.628 sec/step)
INFO:tensorflow:global step 29290: loss = 0.5516 (0.833 sec/step)
I0413 15:26:26.827902 140104905828096 learning.py:507] global step 29290: loss = 0.5516 (0.833 sec/step)
INFO:tensorflow:global step 29300: loss = 0.5551 (0.977 sec/step)
I0413 15:27:08.854462 140104905828096 learning.py:507] global step 29300: loss = 0.5551 (0.977 sec/step)
INFO:tensorflow:global step 29310: loss = 0.4236 (17.006 sec/step)
I0413 15:27:48.496822 140104905828096 learning.py:507] global step 29310: loss = 0.4236 (17.006 sec/step)
INFO:tensorflow:global step 29320: loss = 0.4720 (0.624 sec/step)
I0413 15:28:24.341619 140104905828096 learning.py:507] global step 29320: loss = 0.4720 (0.624 sec/step)
INFO:tensorflow:global step 29330: loss = 0.8520 (0.658 sec/step)
I0413 15:28:52.329350 140104905828096 learning.py:507] global step 29330: loss = 0.8520 (0.658 sec/step)
INFO:tensorflow:global step 29340: loss = 1.2217 (1.027 sec/step)
I0413 15:29:34.666822 140104905828096 learning.py:507] global step 29340: loss = 1.2217 (1.027 sec/step)
INFO:tensorflow:global step 29350: loss = 0.6391 (0.783 sec/step)
I0413 15:30:14.192273 140104905828096 learning.py:507] global step 29350: loss = 0.6391 (0.783 sec/step)
INFO:tensorflow:Saving checkpoint to path ./datasets/cityscapes/exp/train_on_train_set/train/model.ckpt
I0413 15:30:32.684019 140099987683072 supervisor.py:1117] Saving checkpoint to path ./datasets/cityscapes/exp/train_on_train_set/train/model.ckpt
INFO:tensorflow:Recording summary at step 29355.
I0413 15:30:51.737596 140099970897664 supervisor.py:1050] Recording summary at step 29355.
INFO:tensorflow:global step 29360: loss = 0.5583 (2.259 sec/step)
I0413 15:31:45.156743 140104905828096 learning.py:507] global step 29360: loss = 0.5583 (2.259 sec/step)
INFO:tensorflow:global step 29370: loss = 0.7233 (0.754 sec/step)
I0413 15:32:42.580812 140104905828096 learning.py:507] global step 29370: loss = 0.7233 (0.754 sec/step)
INFO:tensorflow:global step 29380: loss = 0.5421 (0.773 sec/step)
I0413 15:33:06.028525 140104905828096 learning.py:507] global step 29380: loss = 0.5421 (0.773 sec/step)
INFO:tensorflow:global step 29390: loss = 0.7159 (3.945 sec/step)
I0413 15:33:47.660441 140104905828096 learning.py:507] global step 29390: loss = 0.7159 (3.945 sec/step)
INFO:tensorflow:global step 29400: loss = 0.5783 (1.398 sec/step)
I0413 15:34:32.421198 140104905828096 learning.py:507] global step 29400: loss = 0.5783 (1.398 sec/step)
INFO:tensorflow:global step 29410: loss = 0.6586 (6.248 sec/step)
I0413 15:35:01.308355 140104905828096 learning.py:507] global step 29410: loss = 0.6586 (6.248 sec/step)
INFO:tensorflow:global step 29420: loss = 0.7845 (9.081 sec/step)
I0413 15:35:36.855927 140104905828096 learning.py:507] global step 29420: loss = 0.7845 (9.081 sec/step)
INFO:tensorflow:global step 29430: loss = 0.9445 (3.963 sec/step)
I0413 15:36:04.106622 140104905828096 learning.py:507] global step 29430: loss = 0.9445 (3.963 sec/step)
INFO:tensorflow:global step 29440: loss = 0.6766 (1.177 sec/step)
I0413 15:36:40.914966 140104905828096 learning.py:507] global step 29440: loss = 0.6766 (1.177 sec/step)
INFO:tensorflow:global step 29450: loss = 0.8301 (0.701 sec/step)
I0413 15:37:31.062651 140104905828096 learning.py:507] global step 29450: loss = 0.8301 (0.701 sec/step)
INFO:tensorflow:global step 29460: loss = 0.6903 (0.788 sec/step)
I0413 15:38:12.504133 140104905828096 learning.py:507] global step 29460: loss = 0.6903 (0.788 sec/step)
INFO:tensorflow:global step 29470: loss = 0.7229 (17.015 sec/step)
I0413 15:38:52.734205 140104905828096 learning.py:507] global step 29470: loss = 0.7229 (17.015 sec/step)
INFO:tensorflow:global step 29480: loss = 1.0934 (0.691 sec/step)
I0413 15:39:08.990366 140104905828096 learning.py:507] global step 29480: loss = 1.0934 (0.691 sec/step)
INFO:tensorflow:global step 29490: loss = 0.7378 (7.580 sec/step)
I0413 15:39:34.166574 140104905828096 learning.py:507] global step 29490: loss = 0.7378 (7.580 sec/step)
INFO:tensorflow:global step 29500: loss = 0.6600 (0.767 sec/step)
I0413 15:39:49.690036 140104905828096 learning.py:507] global step 29500: loss = 0.6600 (0.767 sec/step)
INFO:tensorflow:global step 29510: loss = 0.4570 (8.731 sec/step)
I0413 15:40:13.016427 140104905828096 learning.py:507] global step 29510: loss = 0.4570 (8.731 sec/step)
INFO:tensorflow:global step 29520: loss = 0.6710 (0.643 sec/step)
I0413 15:40:20.386237 140104905828096 learning.py:507] global step 29520: loss = 0.6710 (0.643 sec/step)
INFO:tensorflow:Recording summary at step 29525.
I0413 15:40:41.896257 140099970897664 supervisor.py:1050] Recording summary at step 29525.
INFO:tensorflow:global step 29530: loss = 0.5502 (0.775 sec/step)
I0413 15:40:46.006457 140104905828096 learning.py:507] global step 29530: loss = 0.5502 (0.775 sec/step)
INFO:tensorflow:global step 29540: loss = 0.7393 (0.784 sec/step)
I0413 15:41:01.495687 140104905828096 learning.py:507] global step 29540: loss = 0.7393 (0.784 sec/step)
INFO:tensorflow:global step 29550: loss = 0.6330 (0.769 sec/step)
I0413 15:41:18.729809 140104905828096 learning.py:507] global step 29550: loss = 0.6330 (0.769 sec/step)
INFO:tensorflow:global step 29560: loss = 0.5681 (0.805 sec/step)
I0413 15:41:43.236629 140104905828096 learning.py:507] global step 29560: loss = 0.5681 (0.805 sec/step)
INFO:tensorflow:global step 29570: loss = 0.4501 (5.048 sec/step)
I0413 15:41:55.222060 140104905828096 learning.py:507] global step 29570: loss = 0.4501 (5.048 sec/step)
INFO:tensorflow:global step 29580: loss = 0.9241 (7.104 sec/step)
I0413 15:42:21.735037 140104905828096 learning.py:507] global step 29580: loss = 0.9241 (7.104 sec/step)
INFO:tensorflow:global step 29590: loss = 0.5678 (0.683 sec/step)
I0413 15:42:29.414252 140104905828096 learning.py:507] global step 29590: loss = 0.5678 (0.683 sec/step)
INFO:tensorflow:global step 29600: loss = 0.9894 (0.572 sec/step)
I0413 15:42:47.604086 140104905828096 learning.py:507] global step 29600: loss = 0.9894 (0.572 sec/step)
INFO:tensorflow:global step 29610: loss = 0.4948 (0.727 sec/step)
I0413 15:43:00.925490 140104905828096 learning.py:507] global step 29610: loss = 0.4948 (0.727 sec/step)
INFO:tensorflow:global step 29620: loss = 0.6375 (0.791 sec/step)
I0413 15:43:26.860630 140104905828096 learning.py:507] global step 29620: loss = 0.6375 (0.791 sec/step)
INFO:tensorflow:global step 29630: loss = 0.7361 (0.614 sec/step)
I0413 15:43:41.655174 140104905828096 learning.py:507] global step 29630: loss = 0.7361 (0.614 sec/step)
INFO:tensorflow:global step 29640: loss = 0.4946 (0.641 sec/step)
I0413 15:43:48.483789 140104905828096 learning.py:507] global step 29640: loss = 0.4946 (0.641 sec/step)
INFO:tensorflow:global step 29650: loss = 0.4718 (0.726 sec/step)
I0413 15:44:02.878713 140104905828096 learning.py:507] global step 29650: loss = 0.4718 (0.726 sec/step)
INFO:tensorflow:global step 29660: loss = 0.7652 (0.725 sec/step)
I0413 15:44:25.581814 140104905828096 learning.py:507] global step 29660: loss = 0.7652 (0.725 sec/step)
INFO:tensorflow:global step 29670: loss = 0.7360 (0.690 sec/step)
I0413 15:44:32.619135 140104905828096 learning.py:507] global step 29670: loss = 0.7360 (0.690 sec/step)
INFO:tensorflow:global step 29680: loss = 0.8039 (0.688 sec/step)
I0413 15:44:47.947598 140104905828096 learning.py:507] global step 29680: loss = 0.8039 (0.688 sec/step)
INFO:tensorflow:global step 29690: loss = 0.4463 (1.457 sec/step)
I0413 15:45:04.179891 140104905828096 learning.py:507] global step 29690: loss = 0.4463 (1.457 sec/step)
INFO:tensorflow:global step 29700: loss = 0.4581 (0.791 sec/step)
I0413 15:45:12.025172 140104905828096 learning.py:507] global step 29700: loss = 0.4581 (0.791 sec/step)
INFO:tensorflow:global step 29710: loss = 0.5479 (0.599 sec/step)
I0413 15:45:35.497642 140104905828096 learning.py:507] global step 29710: loss = 0.5479 (0.599 sec/step)
INFO:tensorflow:global step 29720: loss = 0.6811 (0.973 sec/step)
I0413 15:45:50.862588 140104905828096 learning.py:507] global step 29720: loss = 0.6811 (0.973 sec/step)
INFO:tensorflow:global step 29730: loss = 0.6679 (0.686 sec/step)
I0413 15:45:58.421603 140104905828096 learning.py:507] global step 29730: loss = 0.6679 (0.686 sec/step)
INFO:tensorflow:global step 29740: loss = 0.6863 (1.294 sec/step)
I0413 15:46:14.363868 140104905828096 learning.py:507] global step 29740: loss = 0.6863 (1.294 sec/step)
INFO:tensorflow:global step 29750: loss = 0.7437 (1.105 sec/step)
I0413 15:46:22.825110 140104905828096 learning.py:507] global step 29750: loss = 0.7437 (1.105 sec/step)
INFO:tensorflow:global step 29760: loss = 0.6312 (0.723 sec/step)
I0413 15:46:44.971365 140104905828096 learning.py:507] global step 29760: loss = 0.6312 (0.723 sec/step)
INFO:tensorflow:global step 29770: loss = 0.5638 (0.701 sec/step)
I0413 15:46:59.769681 140104905828096 learning.py:507] global step 29770: loss = 0.5638 (0.701 sec/step)
INFO:tensorflow:global step 29780: loss = 0.6348 (3.476 sec/step)
I0413 15:47:10.777296 140104905828096 learning.py:507] global step 29780: loss = 0.6348 (3.476 sec/step)
INFO:tensorflow:global step 29790: loss = 0.4953 (0.663 sec/step)
I0413 15:47:22.059249 140104905828096 learning.py:507] global step 29790: loss = 0.4953 (0.663 sec/step)
INFO:tensorflow:global step 29800: loss = 1.8319 (0.793 sec/step)
I0413 15:47:46.173407 140104905828096 learning.py:507] global step 29800: loss = 1.8319 (0.793 sec/step)
INFO:tensorflow:global step 29810: loss = 0.6845 (0.698 sec/step)
I0413 15:48:01.129632 140104905828096 learning.py:507] global step 29810: loss = 0.6845 (0.698 sec/step)
INFO:tensorflow:global step 29820: loss = 0.7532 (0.646 sec/step)
I0413 15:48:16.963834 140104905828096 learning.py:507] global step 29820: loss = 0.7532 (0.646 sec/step)
INFO:tensorflow:global step 29830: loss = 0.8968 (0.602 sec/step)
I0413 15:48:32.888720 140104905828096 learning.py:507] global step 29830: loss = 0.8968 (0.602 sec/step)
INFO:tensorflow:global step 29840: loss = 0.5363 (0.783 sec/step)
I0413 15:48:51.524460 140104905828096 learning.py:507] global step 29840: loss = 0.5363 (0.783 sec/step)
INFO:tensorflow:global step 29850: loss = 0.5431 (0.590 sec/step)
I0413 15:49:02.488772 140104905828096 learning.py:507] global step 29850: loss = 0.5431 (0.590 sec/step)
INFO:tensorflow:global step 29860: loss = 0.5730 (0.690 sec/step)
I0413 15:49:18.756879 140104905828096 learning.py:507] global step 29860: loss = 0.5730 (0.690 sec/step)
INFO:tensorflow:global step 29870: loss = 0.7542 (0.595 sec/step)
I0413 15:49:42.368108 140104905828096 learning.py:507] global step 29870: loss = 0.7542 (0.595 sec/step)
INFO:tensorflow:global step 29880: loss = 1.8716 (0.665 sec/step)
I0413 15:49:50.048139 140104905828096 learning.py:507] global step 29880: loss = 1.8716 (0.665 sec/step)
INFO:tensorflow:global step 29890: loss = 0.7324 (0.661 sec/step)
I0413 15:50:09.444901 140104905828096 learning.py:507] global step 29890: loss = 0.7324 (0.661 sec/step)
INFO:tensorflow:global step 29900: loss = 0.5736 (0.607 sec/step)
I0413 15:50:21.139381 140104905828096 learning.py:507] global step 29900: loss = 0.5736 (0.607 sec/step)
INFO:tensorflow:Saving checkpoint to path ./datasets/cityscapes/exp/train_on_train_set/train/model.ckpt
I0413 15:50:27.668364 140099987683072 supervisor.py:1117] Saving checkpoint to path ./datasets/cityscapes/exp/train_on_train_set/train/model.ckpt
INFO:tensorflow:Recording summary at step 29906.
I0413 15:50:44.414256 140099970897664 supervisor.py:1050] Recording summary at step 29906.
INFO:tensorflow:global step 29910: loss = 0.5662 (1.677 sec/step)
I0413 15:51:00.068590 140104905828096 learning.py:507] global step 29910: loss = 0.5662 (1.677 sec/step)
INFO:tensorflow:global step 29920: loss = 0.5489 (0.994 sec/step)
I0413 15:51:16.175052 140104905828096 learning.py:507] global step 29920: loss = 0.5489 (0.994 sec/step)
INFO:tensorflow:global step 29930: loss = 0.6498 (0.651 sec/step)
I0413 15:51:39.190312 140104905828096 learning.py:507] global step 29930: loss = 0.6498 (0.651 sec/step)
INFO:tensorflow:global step 29940: loss = 0.6034 (0.601 sec/step)
I0413 15:51:46.503821 140104905828096 learning.py:507] global step 29940: loss = 0.6034 (0.601 sec/step)
INFO:tensorflow:global step 29950: loss = 0.9652 (0.616 sec/step)
I0413 15:52:01.199981 140104905828096 learning.py:507] global step 29950: loss = 0.9652 (0.616 sec/step)
INFO:tensorflow:global step 29960: loss = 0.6767 (0.662 sec/step)
I0413 15:52:17.067342 140104905828096 learning.py:507] global step 29960: loss = 0.6767 (0.662 sec/step)
INFO:tensorflow:global step 29970: loss = 0.4025 (0.636 sec/step)
I0413 15:52:41.012872 140104905828096 learning.py:507] global step 29970: loss = 0.4025 (0.636 sec/step)
INFO:tensorflow:global step 29980: loss = 0.7551 (1.843 sec/step)
I0413 15:52:49.178423 140104905828096 learning.py:507] global step 29980: loss = 0.7551 (1.843 sec/step)
INFO:tensorflow:global step 29990: loss = 1.2064 (1.116 sec/step)
I0413 15:53:04.228143 140104905828096 learning.py:507] global step 29990: loss = 1.2064 (1.116 sec/step)
INFO:tensorflow:global step 30000: loss = 0.5513 (0.599 sec/step)
I0413 15:53:19.516667 140104905828096 learning.py:507] global step 30000: loss = 0.5513 (0.599 sec/step)
INFO:tensorflow:Stopping Training.
I0413 15:53:19.541306 140104905828096 learning.py:777] Stopping Training.
INFO:tensorflow:Finished training! Saving model to disk.
I0413 15:53:19.544642 140104905828096 learning.py:785] Finished training! Saving model to disk.
/home/grupo01/anaconda3/lib/python3.7/site-packages/tensorflow_core/python/summary/writer/writer.py:386: UserWarning: Attempting to use a closed FileWriter. The operation will be a noop unless the FileWriter is explicitly reopened.
  warnings.warn("Attempting to use a closed FileWriter. "
