WARNING:tensorflow:From /home/grupo01/tensorflow/models/research/deeplab/core/conv2d_ws.py:40: The name tf.layers.Layer is deprecated. Please use tf.compat.v1.layers.Layer instead.

WARNING:tensorflow:From vis.py:327: The name tf.app.run is deprecated. Please use tf.compat.v1.app.run instead.

WARNING:tensorflow:From vis.py:195: The name tf.logging.set_verbosity is deprecated. Please use tf.compat.v1.logging.set_verbosity instead.

W0418 12:33:48.941469 139852176377600 module_wrapper.py:139] From vis.py:195: The name tf.logging.set_verbosity is deprecated. Please use tf.compat.v1.logging.set_verbosity instead.

WARNING:tensorflow:From vis.py:195: The name tf.logging.INFO is deprecated. Please use tf.compat.v1.logging.INFO instead.

W0418 12:33:48.941637 139852176377600 module_wrapper.py:139] From vis.py:195: The name tf.logging.INFO is deprecated. Please use tf.compat.v1.logging.INFO instead.

Traceback (most recent call last):
  File "vis.py", line 327, in <module>
    tf.app.run()
  File "/home/grupo01/anaconda3/lib/python3.7/site-packages/tensorflow_core/python/platform/app.py", line 40, in run
    _run(main=main, argv=argv, flags_parser=_parse_flags_tolerate_undef)
  File "/home/grupo01/anaconda3/lib/python3.7/site-packages/absl/app.py", line 299, in run
    _run_main(main, args)
  File "/home/grupo01/anaconda3/lib/python3.7/site-packages/absl/app.py", line 250, in _run_main
    sys.exit(main(argv))
  File "vis.py", line 210, in main
    should_repeat=False)
  File "/home/grupo01/tensorflow/models/research/deeplab/datasets/data_generator.py", line 170, in __init__
    raise ValueError('data split name %s not recognized' % split_name)
ValueError: data split name val not recognized
