WARNING:tensorflow:From /home/grupo01/tensorflow/models/research/deeplab/core/conv2d_ws.py:40: The name tf.layers.Layer is deprecated. Please use tf.compat.v1.layers.Layer instead.

WARNING:tensorflow:
The TensorFlow contrib module will not be included in TensorFlow 2.0.
For more information, please see:
  * https://github.com/tensorflow/community/blob/master/rfcs/20180907-contrib-sunset.md
  * https://github.com/tensorflow/addons
  * https://github.com/tensorflow/io (for I/O related ops)
If you depend on functionality not listed there, please file an issue.

WARNING:tensorflow:From train.py:462: The name tf.app.run is deprecated. Please use tf.compat.v1.app.run instead.

WARNING:tensorflow:From train.py:272: The name tf.logging.set_verbosity is deprecated. Please use tf.compat.v1.logging.set_verbosity instead.

W0418 11:59:58.440742 140547722938112 module_wrapper.py:139] From train.py:272: The name tf.logging.set_verbosity is deprecated. Please use tf.compat.v1.logging.set_verbosity instead.

WARNING:tensorflow:From train.py:272: The name tf.logging.INFO is deprecated. Please use tf.compat.v1.logging.INFO instead.

W0418 11:59:58.440914 140547722938112 module_wrapper.py:139] From train.py:272: The name tf.logging.INFO is deprecated. Please use tf.compat.v1.logging.INFO instead.

WARNING:tensorflow:From train.py:287: The name tf.gfile.MakeDirs is deprecated. Please use tf.io.gfile.makedirs instead.

W0418 11:59:58.441100 140547722938112 module_wrapper.py:139] From train.py:287: The name tf.gfile.MakeDirs is deprecated. Please use tf.io.gfile.makedirs instead.

WARNING:tensorflow:From train.py:288: The name tf.logging.info is deprecated. Please use tf.compat.v1.logging.info instead.

W0418 11:59:58.441241 140547722938112 module_wrapper.py:139] From train.py:288: The name tf.logging.info is deprecated. Please use tf.compat.v1.logging.info instead.

INFO:tensorflow:Training on train_fine set
I0418 11:59:58.441324 140547722938112 train.py:288] Training on train_fine set
WARNING:tensorflow:From train.py:312: The name tf.train.get_or_create_global_step is deprecated. Please use tf.compat.v1.train.get_or_create_global_step instead.

W0418 11:59:58.442247 140547722938112 module_wrapper.py:139] From train.py:312: The name tf.train.get_or_create_global_step is deprecated. Please use tf.compat.v1.train.get_or_create_global_step instead.

WARNING:tensorflow:From /home/grupo01/tensorflow/models/research/deeplab/datasets/data_generator.py:350: The name tf.gfile.Glob is deprecated. Please use tf.io.gfile.glob instead.

W0418 11:59:58.446340 140547722938112 module_wrapper.py:139] From /home/grupo01/tensorflow/models/research/deeplab/datasets/data_generator.py:350: The name tf.gfile.Glob is deprecated. Please use tf.io.gfile.glob instead.

WARNING:tensorflow:From /home/grupo01/anaconda3/lib/python3.7/site-packages/tensorflow_core/python/autograph/converters/directives.py:119: The name tf.FixedLenFeature is deprecated. Please use tf.io.FixedLenFeature instead.

W0418 11:59:58.571117 140547722938112 module_wrapper.py:139] From /home/grupo01/anaconda3/lib/python3.7/site-packages/tensorflow_core/python/autograph/converters/directives.py:119: The name tf.FixedLenFeature is deprecated. Please use tf.io.FixedLenFeature instead.

WARNING:tensorflow:From /home/grupo01/anaconda3/lib/python3.7/site-packages/tensorflow_core/python/autograph/converters/directives.py:119: The name tf.parse_single_example is deprecated. Please use tf.io.parse_single_example instead.

W0418 11:59:58.571955 140547722938112 module_wrapper.py:139] From /home/grupo01/anaconda3/lib/python3.7/site-packages/tensorflow_core/python/autograph/converters/directives.py:119: The name tf.parse_single_example is deprecated. Please use tf.io.parse_single_example instead.

2020-04-18 11:59:59.022252: I tensorflow/stream_executor/platform/default/dso_loader.cc:44] Successfully opened dynamic library libcuda.so.1
2020-04-18 11:59:59.101336: I tensorflow/core/common_runtime/gpu/gpu_device.cc:1618] Found device 0 with properties: 
name: TITAN X (Pascal) major: 6 minor: 1 memoryClockRate(GHz): 1.531
pciBusID: 0000:05:00.0
2020-04-18 11:59:59.101616: I tensorflow/stream_executor/platform/default/dso_loader.cc:44] Successfully opened dynamic library libcudart.so.10.0
2020-04-18 11:59:59.102830: I tensorflow/stream_executor/platform/default/dso_loader.cc:44] Successfully opened dynamic library libcublas.so.10.0
2020-04-18 11:59:59.103946: I tensorflow/stream_executor/platform/default/dso_loader.cc:44] Successfully opened dynamic library libcufft.so.10.0
2020-04-18 11:59:59.104223: I tensorflow/stream_executor/platform/default/dso_loader.cc:44] Successfully opened dynamic library libcurand.so.10.0
2020-04-18 11:59:59.105768: I tensorflow/stream_executor/platform/default/dso_loader.cc:44] Successfully opened dynamic library libcusolver.so.10.0
2020-04-18 11:59:59.107006: I tensorflow/stream_executor/platform/default/dso_loader.cc:44] Successfully opened dynamic library libcusparse.so.10.0
2020-04-18 11:59:59.110917: I tensorflow/stream_executor/platform/default/dso_loader.cc:44] Successfully opened dynamic library libcudnn.so.7
2020-04-18 11:59:59.120986: I tensorflow/core/common_runtime/gpu/gpu_device.cc:1746] Adding visible gpu devices: 0
WARNING:tensorflow:From /home/grupo01/anaconda3/lib/python3.7/site-packages/tensorflow_core/python/autograph/converters/directives.py:119: The name tf.random_uniform is deprecated. Please use tf.random.uniform instead.

W0418 12:00:00.140446 140547722938112 module_wrapper.py:139] From /home/grupo01/anaconda3/lib/python3.7/site-packages/tensorflow_core/python/autograph/converters/directives.py:119: The name tf.random_uniform is deprecated. Please use tf.random.uniform instead.

WARNING:tensorflow:From /home/grupo01/anaconda3/lib/python3.7/site-packages/tensorflow_core/python/autograph/converters/directives.py:119: The name tf.lin_space is deprecated. Please use tf.linspace instead.

W0418 12:00:00.140974 140547722938112 module_wrapper.py:139] From /home/grupo01/anaconda3/lib/python3.7/site-packages/tensorflow_core/python/autograph/converters/directives.py:119: The name tf.lin_space is deprecated. Please use tf.linspace instead.

WARNING:tensorflow:From /home/grupo01/anaconda3/lib/python3.7/site-packages/tensorflow_core/python/autograph/converters/directives.py:119: The name tf.random_shuffle is deprecated. Please use tf.random.shuffle instead.

W0418 12:00:00.141219 140547722938112 module_wrapper.py:139] From /home/grupo01/anaconda3/lib/python3.7/site-packages/tensorflow_core/python/autograph/converters/directives.py:119: The name tf.random_shuffle is deprecated. Please use tf.random.shuffle instead.

WARNING:tensorflow:From /home/grupo01/anaconda3/lib/python3.7/site-packages/tensorflow_core/python/autograph/converters/directives.py:119: The name tf.image.resize_bilinear is deprecated. Please use tf.compat.v1.image.resize_bilinear instead.

W0418 12:00:00.330195 140547722938112 module_wrapper.py:139] From /home/grupo01/anaconda3/lib/python3.7/site-packages/tensorflow_core/python/autograph/converters/directives.py:119: The name tf.image.resize_bilinear is deprecated. Please use tf.compat.v1.image.resize_bilinear instead.

WARNING:tensorflow:From /home/grupo01/anaconda3/lib/python3.7/site-packages/tensorflow_core/python/autograph/converters/directives.py:119: The name tf.reverse_v2 is deprecated. Please use tf.reverse instead.

W0418 12:00:02.492318 140547722938112 module_wrapper.py:139] From /home/grupo01/anaconda3/lib/python3.7/site-packages/tensorflow_core/python/autograph/converters/directives.py:119: The name tf.reverse_v2 is deprecated. Please use tf.reverse instead.

WARNING:tensorflow:From /home/grupo01/tensorflow/models/research/deeplab/datasets/data_generator.py:339: DatasetV1.make_one_shot_iterator (from tensorflow.python.data.ops.dataset_ops) is deprecated and will be removed in a future version.
Instructions for updating:
Use `for ... in dataset:` to iterate over a dataset. If using `tf.estimator`, return the `Dataset` object directly from your input function. As a last resort, you can use `tf.compat.v1.data.make_one_shot_iterator(dataset)`.
W0418 12:00:02.723604 140547722938112 deprecation.py:323] From /home/grupo01/tensorflow/models/research/deeplab/datasets/data_generator.py:339: DatasetV1.make_one_shot_iterator (from tensorflow.python.data.ops.dataset_ops) is deprecated and will be removed in a future version.
Instructions for updating:
Use `for ... in dataset:` to iterate over a dataset. If using `tf.estimator`, return the `Dataset` object directly from your input function. As a last resort, you can use `tf.compat.v1.data.make_one_shot_iterator(dataset)`.
WARNING:tensorflow:From /home/grupo01/tensorflow/models/research/slim/deployment/model_deploy.py:192: The name tf.variable_scope is deprecated. Please use tf.compat.v1.variable_scope instead.

W0418 12:00:02.742024 140547722938112 module_wrapper.py:139] From /home/grupo01/tensorflow/models/research/slim/deployment/model_deploy.py:192: The name tf.variable_scope is deprecated. Please use tf.compat.v1.variable_scope instead.

WARNING:tensorflow:From /home/grupo01/tensorflow/models/research/slim/deployment/model_deploy.py:192: The name tf.get_variable_scope is deprecated. Please use tf.compat.v1.get_variable_scope instead.

W0418 12:00:02.742162 140547722938112 module_wrapper.py:139] From /home/grupo01/tensorflow/models/research/slim/deployment/model_deploy.py:192: The name tf.get_variable_scope is deprecated. Please use tf.compat.v1.get_variable_scope instead.

WARNING:tensorflow:From /home/grupo01/tensorflow/models/research/deeplab/model.py:320: The name tf.AUTO_REUSE is deprecated. Please use tf.compat.v1.AUTO_REUSE instead.

W0418 12:00:02.744596 140547722938112 module_wrapper.py:139] From /home/grupo01/tensorflow/models/research/deeplab/model.py:320: The name tf.AUTO_REUSE is deprecated. Please use tf.compat.v1.AUTO_REUSE instead.

WARNING:tensorflow:From /home/grupo01/tensorflow/models/research/deeplab/core/feature_extractor.py:490: to_float (from tensorflow.python.ops.math_ops) is deprecated and will be removed in a future version.
Instructions for updating:
Use `tf.cast` instead.
W0418 12:00:02.745071 140547722938112 deprecation.py:323] From /home/grupo01/tensorflow/models/research/deeplab/core/feature_extractor.py:490: to_float (from tensorflow.python.ops.math_ops) is deprecated and will be removed in a future version.
Instructions for updating:
Use `tf.cast` instead.
WARNING:tensorflow:From /home/grupo01/anaconda3/lib/python3.7/site-packages/tensorflow_core/contrib/layers/python/layers/layers.py:1057: Layer.apply (from tensorflow.python.keras.engine.base_layer) is deprecated and will be removed in a future version.
Instructions for updating:
Please use `layer.__call__` method instead.
W0418 12:00:02.749451 140547722938112 deprecation.py:323] From /home/grupo01/anaconda3/lib/python3.7/site-packages/tensorflow_core/contrib/layers/python/layers/layers.py:1057: Layer.apply (from tensorflow.python.keras.engine.base_layer) is deprecated and will be removed in a future version.
Instructions for updating:
Please use `layer.__call__` method instead.
WARNING:tensorflow:From /home/grupo01/tensorflow/models/research/deeplab/utils/train_utils.py:158: The name tf.losses.add_loss is deprecated. Please use tf.compat.v1.losses.add_loss instead.

W0418 12:00:07.427194 140547722938112 module_wrapper.py:139] From /home/grupo01/tensorflow/models/research/deeplab/utils/train_utils.py:158: The name tf.losses.add_loss is deprecated. Please use tf.compat.v1.losses.add_loss instead.

WARNING:tensorflow:From train.py:324: The name tf.get_collection is deprecated. Please use tf.compat.v1.get_collection instead.

W0418 12:00:07.427746 140547722938112 module_wrapper.py:139] From train.py:324: The name tf.get_collection is deprecated. Please use tf.compat.v1.get_collection instead.

WARNING:tensorflow:From train.py:324: The name tf.GraphKeys is deprecated. Please use tf.compat.v1.GraphKeys instead.

W0418 12:00:07.427892 140547722938112 module_wrapper.py:139] From train.py:324: The name tf.GraphKeys is deprecated. Please use tf.compat.v1.GraphKeys instead.

WARNING:tensorflow:From train.py:330: The name tf.model_variables is deprecated. Please use tf.compat.v1.model_variables instead.

W0418 12:00:07.428038 140547722938112 module_wrapper.py:139] From train.py:330: The name tf.model_variables is deprecated. Please use tf.compat.v1.model_variables instead.

WARNING:tensorflow:From train.py:331: The name tf.summary.histogram is deprecated. Please use tf.compat.v1.summary.histogram instead.

W0418 12:00:07.428221 140547722938112 module_wrapper.py:139] From train.py:331: The name tf.summary.histogram is deprecated. Please use tf.compat.v1.summary.histogram instead.

WARNING:tensorflow:From train.py:359: The name tf.summary.scalar is deprecated. Please use tf.compat.v1.summary.scalar instead.

W0418 12:00:08.310731 140547722938112 module_wrapper.py:139] From train.py:359: The name tf.summary.scalar is deprecated. Please use tf.compat.v1.summary.scalar instead.

INFO:tensorflow:Setting decay_steps to total training steps.
I0418 12:00:08.313861 140547722938112 train_utils.py:327] Setting decay_steps to total training steps.
WARNING:tensorflow:From /home/grupo01/tensorflow/models/research/deeplab/utils/train_utils.py:337: The name tf.train.polynomial_decay is deprecated. Please use tf.compat.v1.train.polynomial_decay instead.

W0418 12:00:08.313996 140547722938112 module_wrapper.py:139] From /home/grupo01/tensorflow/models/research/deeplab/utils/train_utils.py:337: The name tf.train.polynomial_decay is deprecated. Please use tf.compat.v1.train.polynomial_decay instead.

WARNING:tensorflow:From /home/grupo01/tensorflow/models/research/deeplab/utils/train_utils.py:372: where (from tensorflow.python.ops.array_ops) is deprecated and will be removed in a future version.
Instructions for updating:
Use tf.where in 2.0, which has the same broadcast rule as np.where
W0418 12:00:08.322112 140547722938112 deprecation.py:323] From /home/grupo01/tensorflow/models/research/deeplab/utils/train_utils.py:372: where (from tensorflow.python.ops.array_ops) is deprecated and will be removed in a future version.
Instructions for updating:
Use tf.where in 2.0, which has the same broadcast rule as np.where
WARNING:tensorflow:From train.py:378: The name tf.train.MomentumOptimizer is deprecated. Please use tf.compat.v1.train.MomentumOptimizer instead.

W0418 12:00:08.324229 140547722938112 module_wrapper.py:139] From train.py:378: The name tf.train.MomentumOptimizer is deprecated. Please use tf.compat.v1.train.MomentumOptimizer instead.

WARNING:tensorflow:From train.py:396: The name tf.check_numerics is deprecated. Please use tf.debugging.check_numerics instead.

W0418 12:00:10.844514 140547722938112 module_wrapper.py:139] From train.py:396: The name tf.check_numerics is deprecated. Please use tf.debugging.check_numerics instead.

WARNING:tensorflow:From train.py:422: The name tf.summary.merge is deprecated. Please use tf.compat.v1.summary.merge instead.

W0418 12:00:13.407271 140547722938112 module_wrapper.py:139] From train.py:422: The name tf.summary.merge is deprecated. Please use tf.compat.v1.summary.merge instead.

WARNING:tensorflow:From train.py:425: The name tf.ConfigProto is deprecated. Please use tf.compat.v1.ConfigProto instead.

W0418 12:00:13.424409 140547722938112 module_wrapper.py:139] From train.py:425: The name tf.ConfigProto is deprecated. Please use tf.compat.v1.ConfigProto instead.

INFO:tensorflow:Ignoring initialization; other checkpoint exists
I0418 12:00:13.427599 140547722938112 train_utils.py:204] Ignoring initialization; other checkpoint exists
WARNING:tensorflow:From /home/grupo01/anaconda3/lib/python3.7/site-packages/tensorflow_core/contrib/slim/python/slim/learning.py:742: Supervisor.__init__ (from tensorflow.python.training.supervisor) is deprecated and will be removed in a future version.
Instructions for updating:
Please switch to tf.train.MonitoredTrainingSession
W0418 12:00:15.420807 140547722938112 deprecation.py:323] From /home/grupo01/anaconda3/lib/python3.7/site-packages/tensorflow_core/contrib/slim/python/slim/learning.py:742: Supervisor.__init__ (from tensorflow.python.training.supervisor) is deprecated and will be removed in a future version.
Instructions for updating:
Please switch to tf.train.MonitoredTrainingSession
2020-04-18 12:00:16.475417: I tensorflow/core/platform/cpu_feature_guard.cc:142] Your CPU supports instructions that this TensorFlow binary was not compiled to use: AVX2 FMA
2020-04-18 12:00:16.493868: I tensorflow/core/platform/profile_utils/cpu_utils.cc:94] CPU Frequency: 2099885000 Hz
2020-04-18 12:00:16.494906: I tensorflow/compiler/xla/service/service.cc:168] XLA service 0x55c937d42970 initialized for platform Host (this does not guarantee that XLA will be used). Devices:
2020-04-18 12:00:16.494943: I tensorflow/compiler/xla/service/service.cc:176]   StreamExecutor device (0): Host, Default Version
2020-04-18 12:00:16.803150: I tensorflow/compiler/xla/service/service.cc:168] XLA service 0x55c937c2e920 initialized for platform CUDA (this does not guarantee that XLA will be used). Devices:
2020-04-18 12:00:16.803206: I tensorflow/compiler/xla/service/service.cc:176]   StreamExecutor device (0): TITAN X (Pascal), Compute Capability 6.1
2020-04-18 12:00:16.807384: I tensorflow/core/common_runtime/gpu/gpu_device.cc:1618] Found device 0 with properties: 
name: TITAN X (Pascal) major: 6 minor: 1 memoryClockRate(GHz): 1.531
pciBusID: 0000:05:00.0
2020-04-18 12:00:16.807499: I tensorflow/stream_executor/platform/default/dso_loader.cc:44] Successfully opened dynamic library libcudart.so.10.0
2020-04-18 12:00:16.807540: I tensorflow/stream_executor/platform/default/dso_loader.cc:44] Successfully opened dynamic library libcublas.so.10.0
2020-04-18 12:00:16.807576: I tensorflow/stream_executor/platform/default/dso_loader.cc:44] Successfully opened dynamic library libcufft.so.10.0
2020-04-18 12:00:16.807608: I tensorflow/stream_executor/platform/default/dso_loader.cc:44] Successfully opened dynamic library libcurand.so.10.0
2020-04-18 12:00:16.807639: I tensorflow/stream_executor/platform/default/dso_loader.cc:44] Successfully opened dynamic library libcusolver.so.10.0
2020-04-18 12:00:16.807672: I tensorflow/stream_executor/platform/default/dso_loader.cc:44] Successfully opened dynamic library libcusparse.so.10.0
2020-04-18 12:00:16.807705: I tensorflow/stream_executor/platform/default/dso_loader.cc:44] Successfully opened dynamic library libcudnn.so.7
2020-04-18 12:00:16.817367: I tensorflow/core/common_runtime/gpu/gpu_device.cc:1746] Adding visible gpu devices: 0
2020-04-18 12:00:16.818303: I tensorflow/stream_executor/platform/default/dso_loader.cc:44] Successfully opened dynamic library libcudart.so.10.0
2020-04-18 12:00:16.825802: I tensorflow/core/common_runtime/gpu/gpu_device.cc:1159] Device interconnect StreamExecutor with strength 1 edge matrix:
2020-04-18 12:00:16.825835: I tensorflow/core/common_runtime/gpu/gpu_device.cc:1165]      0 
2020-04-18 12:00:16.825845: I tensorflow/core/common_runtime/gpu/gpu_device.cc:1178] 0:   N 
2020-04-18 12:00:16.837209: I tensorflow/core/common_runtime/gpu/gpu_device.cc:1304] Created TensorFlow device (/job:localhost/replica:0/task:0/device:GPU:0 with 11448 MB memory) -> physical GPU (device: 0, name: TITAN X (Pascal), pci bus id: 0000:05:00.0, compute capability: 6.1)
INFO:tensorflow:Restoring parameters from ./datasets/cityscapes/exp/train_on_train_set/train/exp4/model.ckpt-30000
I0418 12:00:16.840754 140547722938112 saver.py:1284] Restoring parameters from ./datasets/cityscapes/exp/train_on_train_set/train/exp4/model.ckpt-30000
WARNING:tensorflow:From /home/grupo01/anaconda3/lib/python3.7/site-packages/tensorflow_core/python/training/saver.py:1069: get_checkpoint_mtimes (from tensorflow.python.training.checkpoint_management) is deprecated and will be removed in a future version.
Instructions for updating:
Use standard file utilities to get mtimes.
W0418 12:00:19.789221 140547722938112 deprecation.py:323] From /home/grupo01/anaconda3/lib/python3.7/site-packages/tensorflow_core/python/training/saver.py:1069: get_checkpoint_mtimes (from tensorflow.python.training.checkpoint_management) is deprecated and will be removed in a future version.
Instructions for updating:
Use standard file utilities to get mtimes.
INFO:tensorflow:Running local_init_op.
I0418 12:00:19.800719 140547722938112 session_manager.py:500] Running local_init_op.
INFO:tensorflow:Done running local_init_op.
I0418 12:00:21.135620 140547722938112 session_manager.py:502] Done running local_init_op.
INFO:tensorflow:Starting Session.
I0418 12:00:46.415766 140547722938112 learning.py:754] Starting Session.
INFO:tensorflow:Saving checkpoint to path ./datasets/cityscapes/exp/train_on_train_set/train/exp4/model.ckpt
I0418 12:00:46.874651 140542268667648 supervisor.py:1117] Saving checkpoint to path ./datasets/cityscapes/exp/train_on_train_set/train/exp4/model.ckpt
INFO:tensorflow:Starting Queues.
I0418 12:00:46.876910 140547722938112 learning.py:768] Starting Queues.
INFO:tensorflow:global_step/sec: 0
I0418 12:00:50.037950 140542260274944 supervisor.py:1099] global_step/sec: 0
2020-04-18 12:01:10.101709: I tensorflow/core/kernels/data/shuffle_dataset_op.cc:145] Filling up shuffle buffer (this may take a while): 1 of 100
2020-04-18 12:01:28.604822: I tensorflow/core/kernels/data/shuffle_dataset_op.cc:145] Filling up shuffle buffer (this may take a while): 10 of 100
2020-04-18 12:01:28.605144: I tensorflow/core/kernels/data/shuffle_dataset_op.cc:145] Filling up shuffle buffer (this may take a while): 11 of 100
2020-04-18 12:01:36.732644: I tensorflow/core/kernels/data/shuffle_dataset_op.cc:145] Filling up shuffle buffer (this may take a while): 17 of 100
2020-04-18 12:01:45.248836: I tensorflow/core/kernels/data/shuffle_dataset_op.cc:145] Filling up shuffle buffer (this may take a while): 42 of 100
2020-04-18 12:01:59.064130: I tensorflow/core/kernels/data/shuffle_dataset_op.cc:145] Filling up shuffle buffer (this may take a while): 43 of 100
2020-04-18 12:02:09.904487: I tensorflow/core/kernels/data/shuffle_dataset_op.cc:145] Filling up shuffle buffer (this may take a while): 54 of 100
2020-04-18 12:02:16.080719: I tensorflow/core/kernels/data/shuffle_dataset_op.cc:145] Filling up shuffle buffer (this may take a while): 55 of 100
2020-04-18 12:02:38.897526: I tensorflow/core/kernels/data/shuffle_dataset_op.cc:145] Filling up shuffle buffer (this may take a while): 98 of 100
2020-04-18 12:02:39.022509: I tensorflow/core/kernels/data/shuffle_dataset_op.cc:145] Filling up shuffle buffer (this may take a while): 99 of 100
2020-04-18 12:02:39.022797: I tensorflow/core/kernels/data/shuffle_dataset_op.cc:195] Shuffle buffer filled.
2020-04-18 12:02:39.632830: I tensorflow/stream_executor/platform/default/dso_loader.cc:44] Successfully opened dynamic library libcudnn.so.7
2020-04-18 12:02:42.733451: I tensorflow/stream_executor/platform/default/dso_loader.cc:44] Successfully opened dynamic library libcublas.so.10.0
INFO:tensorflow:Recording summary at step 30000.
I0418 12:02:47.147780 140542251882240 supervisor.py:1050] Recording summary at step 30000.
INFO:tensorflow:Stopping Training.
I0418 12:03:07.345988 140547722938112 learning.py:777] Stopping Training.
INFO:tensorflow:Finished training! Saving model to disk.
I0418 12:03:07.396562 140547722938112 learning.py:785] Finished training! Saving model to disk.
WARNING:tensorflow:From /home/grupo01/anaconda3/lib/python3.7/site-packages/tensorflow_core/python/training/saver.py:963: remove_checkpoint (from tensorflow.python.training.checkpoint_management) is deprecated and will be removed in a future version.
Instructions for updating:
Use standard file APIs to delete files with this prefix.
W0418 12:03:12.752371 140547722938112 deprecation.py:323] From /home/grupo01/anaconda3/lib/python3.7/site-packages/tensorflow_core/python/training/saver.py:963: remove_checkpoint (from tensorflow.python.training.checkpoint_management) is deprecated and will be removed in a future version.
Instructions for updating:
Use standard file APIs to delete files with this prefix.
/home/grupo01/anaconda3/lib/python3.7/site-packages/tensorflow_core/python/summary/writer/writer.py:386: UserWarning: Attempting to use a closed FileWriter. The operation will be a noop unless the FileWriter is explicitly reopened.
  warnings.warn("Attempting to use a closed FileWriter. "
